---------------------------------------------------------------
[ 2019-04-17T16:57:13+08:00 ] 127.0.0.1 GET www.shop2018.com:8081/favicon.ico
[运行时间：0.431359s] [吞吐率：2.32req/s] [内存消耗：1,617.86kb] [文件加载：56]
[ info ] [ BEHAVIOR ] Run Closure @app_init [ RunTime:0.014996s ]
[ info ] [ CACHE ] INIT File
[ info ] [ BEHAVIOR ] Run Closure @app_init [ RunTime:0.027723s ]
[ info ] [ LANG ] G:\phpStudy\WWW\action\shop2018\thinkphp\lang\zh-cn.php
[ info ] [ ROUTE ] array (
  'type' => 'module',
  'module' => 
  array (
    0 => 'favicon.ico',
    1 => NULL,
    2 => NULL,
  ),
)
[ info ] [ HEADER ] array (
  'cookie' => '__guid=112445570.987899654372101400.1552907197323.951; Hm_lvt_f8d0a8c400404989e195270b0bbf060a=1554082064,1554189336,1554342871,1554708363; uid=1; token=6b6d81af-62b5-4131-ae63-957e743168cd',
  'accept-language' => 'zh-CN,zh;q=0.9',
  'accept-encoding' => 'gzip, deflate',
  'user-agent' => 'Mozilla/5.0 (Windows NT 10.0; WOW64) AppleWebKit/537.36 (KHTML, like Gecko) Chrome/63.0.3239.132 Safari/537.36',
  'connection' => 'close',
  'host' => 'www.shop2018.com:8081',
)
[ info ] [ PARAM ] array (
)
[ info ] [ BEHAVIOR ] Run \addons\loginvideo\Loginvideo @response_send [ RunTime:0.026261s ]
[ info ] [ LOG ] INIT File
---------------------------------------------------------------
[ 2019-04-17T16:57:18+08:00 ] 127.0.0.1 GET www.shop2018.com:8081/
[运行时间：0.945738s] [吞吐率：1.06req/s] [内存消耗：3,024.45kb] [文件加载：82]
[ info ] [ BEHAVIOR ] Run Closure @app_init [ RunTime:0.000049s ]
[ info ] [ CACHE ] INIT File
[ info ] [ BEHAVIOR ] Run Closure @app_init [ RunTime:0.004387s ]
[ info ] [ LANG ] G:\phpStudy\WWW\action\shop2018\thinkphp\lang\zh-cn.php
[ info ] [ ROUTE ] array (
  'type' => 'module',
  'module' => 
  array (
    0 => '',
    1 => NULL,
    2 => NULL,
  ),
)
[ info ] [ HEADER ] array (
  'cookie' => '__guid=112445570.987899654372101400.1552907197323.951; Hm_lvt_f8d0a8c400404989e195270b0bbf060a=1554082064,1554189336,1554342871,1554708363; uid=1; token=6b6d81af-62b5-4131-ae63-957e743168cd',
  'accept-language' => 'zh-CN,zh;q=0.9',
  'accept-encoding' => 'gzip, deflate',
  'accept' => 'text/html,application/xhtml+xml,application/xml;q=0.9,image/webp,image/apng,*/*;q=0.8',
  'user-agent' => 'Mozilla/5.0 (Windows NT 10.0; WOW64) AppleWebKit/537.36 (KHTML, like Gecko) Chrome/63.0.3239.132 Safari/537.36',
  'upgrade-insecure-requests' => '1',
  'connection' => 'close',
  'host' => 'www.shop2018.com:8081',
)
[ info ] [ PARAM ] array (
)
[ info ] [ LANG ] G:\phpStudy\WWW\action\shop2018\public/../application/index\lang\zh-cn.php
[ info ] [ BEHAVIOR ] Run app\common\behavior\Common @module_init [ RunTime:0.024250s ]
[ info ] [ TOKEN ] INIT Mysql
[ info ] [ DB ] INIT mysql
[ info ] [ LANG ] G:\phpStudy\WWW\action\shop2018\public/../application/index/lang/zh-cn/index.php
[ info ] [ RUN ] app\index\controller\Index->index[ G:\phpStudy\WWW\action\shop2018\application\index\controller\Index.php ]
[ info ] [ VIEW ] G:\phpStudy\WWW\action\shop2018\public/../application/index\view\index\index.html [ array (
  0 => 'user',
  1 => 'categorydata',
  2 => 'site',
  3 => 'config',
  4 => 'banner_list',
) ]
[ info ] [ BEHAVIOR ] Run \addons\loginvideo\Loginvideo @response_send [ RunTime:0.000632s ]
[ info ] [ LOG ] INIT File
[ sql ] [ DB ] CONNECT:[ UseTime:0.143737s ] mysql:host=bdm114585572.my3w.com;port=3306;dbname=bdm114585572_db;charset=utf8
[ sql ] [ SQL ] SHOW COLUMNS FROM `fa_user_token` [ RunTime:0.072909s ]
[ sql ] [ SQL ] SELECT * FROM `fa_user_token` WHERE  `token` = '1a586c06cc8528324bafe05317a1f968aafea774' LIMIT 1 [ RunTime:0.064544s ]
[ sql ] [ SQL ] SHOW COLUMNS FROM `fa_user` [ RunTime:0.100263s ]
[ sql ] [ SQL ] SELECT * FROM `fa_user` WHERE  `id` = 1 LIMIT 1 [ RunTime:0.066941s ]
[ sql ] [ SQL ] SHOW COLUMNS FROM `fa_category` [ RunTime:0.064218s ]
[ sql ] [ SQL ] SELECT `id`,`name`,`pid`,`type`,`flag` FROM `fa_category` WHERE  `type` = 'blog' ORDER BY `weigh` DESC,`id` DESC [ RunTime:0.065196s ]
[ sql ] [ SQL ] SHOW COLUMNS FROM `fa_banner` [ RunTime:0.064653s ]
[ sql ] [ SQL ] SELECT * FROM `fa_banner` WHERE  `status` = 'normal' [ RunTime:0.064549s ]
---------------------------------------------------------------
[ 2019-04-17T16:57:19+08:00 ] 127.0.0.1 GET www.shop2018.com:8081/favicon.ico
[运行时间：0.057385s] [吞吐率：17.43req/s] [内存消耗：1,618.27kb] [文件加载：56]
[ info ] [ BEHAVIOR ] Run Closure @app_init [ RunTime:0.000046s ]
[ info ] [ CACHE ] INIT File
[ info ] [ BEHAVIOR ] Run Closure @app_init [ RunTime:0.006021s ]
[ info ] [ LANG ] G:\phpStudy\WWW\action\shop2018\thinkphp\lang\zh-cn.php
[ info ] [ ROUTE ] array (
  'type' => 'module',
  'module' => 
  array (
    0 => 'favicon.ico',
    1 => NULL,
    2 => NULL,
  ),
)
[ info ] [ HEADER ] array (
  'cookie' => '__guid=112445570.987899654372101400.1552907197323.951; Hm_lvt_f8d0a8c400404989e195270b0bbf060a=1554082064,1554189336,1554342871,1554708363; uid=1; token=6b6d81af-62b5-4131-ae63-957e743168cd; monitor_count=1',
  'accept-language' => 'zh-CN,zh;q=0.9',
  'accept-encoding' => 'gzip, deflate',
  'referer' => 'http://www.shop2018.com:8081/',
  'accept' => 'image/webp,image/apng,image/*,*/*;q=0.8',
  'user-agent' => 'Mozilla/5.0 (Windows NT 10.0; WOW64) AppleWebKit/537.36 (KHTML, like Gecko) Chrome/63.0.3239.132 Safari/537.36',
  'connection' => 'close',
  'host' => 'www.shop2018.com:8081',
)
[ info ] [ PARAM ] array (
)
[ info ] [ BEHAVIOR ] Run \addons\loginvideo\Loginvideo @response_send [ RunTime:0.005597s ]
[ info ] [ LOG ] INIT File
---------------------------------------------------------------
[ 2019-04-17T16:57:28+08:00 ] 127.0.0.1 GET www.shop2018.com:8081/favicon.ico
[运行时间：0.051404s] [吞吐率：19.45req/s] [内存消耗：1,618.32kb] [文件加载：56]
[ info ] [ BEHAVIOR ] Run Closure @app_init [ RunTime:0.000034s ]
[ info ] [ CACHE ] INIT File
[ info ] [ BEHAVIOR ] Run Closure @app_init [ RunTime:0.004372s ]
[ info ] [ LANG ] G:\phpStudy\WWW\action\shop2018\thinkphp\lang\zh-cn.php
[ info ] [ ROUTE ] array (
  'type' => 'module',
  'module' => 
  array (
    0 => 'favicon.ico',
    1 => NULL,
    2 => NULL,
  ),
)
[ info ] [ HEADER ] array (
  'cookie' => '__guid=112445570.987899654372101400.1552907197323.951; Hm_lvt_f8d0a8c400404989e195270b0bbf060a=1554082064,1554189336,1554342871,1554708363; uid=1; token=6b6d81af-62b5-4131-ae63-957e743168cd; monitor_count=1',
  'accept-language' => 'zh-CN,zh;q=0.9',
  'accept-encoding' => 'gzip, deflate',
  'accept' => 'text/html,application/xhtml+xml,application/xml;q=0.9,image/webp,image/apng,*/*;q=0.8',
  'user-agent' => 'Mozilla/5.0 (Windows NT 10.0; WOW64) AppleWebKit/537.36 (KHTML, like Gecko) Chrome/63.0.3239.132 Safari/537.36',
  'upgrade-insecure-requests' => '1',
  'connection' => 'close',
  'host' => 'www.shop2018.com:8081',
)
[ info ] [ PARAM ] array (
)
[ info ] [ BEHAVIOR ] Run \addons\loginvideo\Loginvideo @response_send [ RunTime:0.006469s ]
[ info ] [ LOG ] INIT File
---------------------------------------------------------------
[ 2019-04-17T16:59:01+08:00 ] 127.0.0.1 GET www.shop2018.com:8081/
[运行时间：0.652413s] [吞吐率：1.53req/s] [内存消耗：3,090.59kb] [文件加载：80]
[ info ] [ BEHAVIOR ] Run Closure @app_init [ RunTime:0.000044s ]
[ info ] [ CACHE ] INIT File
[ info ] [ BEHAVIOR ] Run Closure @app_init [ RunTime:0.007035s ]
[ info ] [ LANG ] G:\phpStudy\WWW\action\shop2018\thinkphp\lang\zh-cn.php
[ info ] [ ROUTE ] array (
  'type' => 'module',
  'module' => 
  array (
    0 => '',
    1 => NULL,
    2 => NULL,
  ),
)
[ info ] [ HEADER ] array (
  'cookie' => '__guid=112445570.987899654372101400.1552907197323.951; Hm_lvt_f8d0a8c400404989e195270b0bbf060a=1554082064,1554189336,1554342871,1554708363; uid=1; token=6b6d81af-62b5-4131-ae63-957e743168cd; monitor_count=2',
  'accept-language' => 'zh-CN,zh;q=0.9',
  'accept-encoding' => 'gzip, deflate',
  'accept' => 'text/html,application/xhtml+xml,application/xml;q=0.9,image/webp,image/apng,*/*;q=0.8',
  'user-agent' => 'Mozilla/5.0 (Windows NT 10.0; WOW64) AppleWebKit/537.36 (KHTML, like Gecko) Chrome/63.0.3239.132 Safari/537.36',
  'upgrade-insecure-requests' => '1',
  'cache-control' => 'max-age=0',
  'connection' => 'close',
  'host' => 'www.shop2018.com:8081',
)
[ info ] [ PARAM ] array (
)
[ info ] [ LANG ] G:\phpStudy\WWW\action\shop2018\public/../application/index\lang\zh-cn.php
[ info ] [ BEHAVIOR ] Run app\common\behavior\Common @module_init [ RunTime:0.003881s ]
[ info ] [ TOKEN ] INIT Mysql
[ info ] [ DB ] INIT mysql
[ info ] [ LANG ] G:\phpStudy\WWW\action\shop2018\public/../application/index/lang/zh-cn/index.php
[ info ] [ RUN ] app\index\controller\Index->index[ G:\phpStudy\WWW\action\shop2018\application\index\controller\Index.php ]
[ info ] [ VIEW ] G:\phpStudy\WWW\action\shop2018\public/../application/index\view\index\index.html [ array (
  0 => 'user',
  1 => 'categorydata',
  2 => 'site',
  3 => 'config',
  4 => 'banner_list',
) ]
[ info ] [ BEHAVIOR ] Run \addons\loginvideo\Loginvideo @response_send [ RunTime:0.000556s ]
[ info ] [ LOG ] INIT File
[ sql ] [ DB ] CONNECT:[ UseTime:0.095687s ] mysql:host=bdm114585572.my3w.com;port=3306;dbname=bdm114585572_db;charset=utf8
[ sql ] [ SQL ] SHOW COLUMNS FROM `fa_user_token` [ RunTime:0.061770s ]
[ sql ] [ SQL ] SELECT * FROM `fa_user_token` WHERE  `token` = '1a586c06cc8528324bafe05317a1f968aafea774' LIMIT 1 [ RunTime:0.063283s ]
[ sql ] [ SQL ] SHOW COLUMNS FROM `fa_user` [ RunTime:0.062982s ]
[ sql ] [ SQL ] SELECT * FROM `fa_user` WHERE  `id` = 1 LIMIT 1 [ RunTime:0.063095s ]
[ sql ] [ SQL ] SHOW COLUMNS FROM `fa_banner` [ RunTime:0.062973s ]
[ sql ] [ SQL ] SELECT * FROM `fa_banner` WHERE  `status` = 'normal' [ RunTime:0.062339s ]
---------------------------------------------------------------
[ 2019-04-17T16:59:14+08:00 ] 127.0.0.1 GET www.shop2018.com:8081/
[运行时间：0.519377s] [吞吐率：1.93req/s] [内存消耗：3,094.59kb] [文件加载：80]
[ info ] [ BEHAVIOR ] Run Closure @app_init [ RunTime:0.000067s ]
[ info ] [ CACHE ] INIT File
[ info ] [ BEHAVIOR ] Run Closure @app_init [ RunTime:0.004666s ]
[ info ] [ LANG ] G:\phpStudy\WWW\action\shop2018\thinkphp\lang\zh-cn.php
[ info ] [ ROUTE ] array (
  'type' => 'module',
  'module' => 
  array (
    0 => '',
    1 => NULL,
    2 => NULL,
  ),
)
[ info ] [ HEADER ] array (
  'cookie' => '__guid=112445570.987899654372101400.1552907197323.951; Hm_lvt_f8d0a8c400404989e195270b0bbf060a=1554082064,1554189336,1554342871,1554708363; uid=1; token=6b6d81af-62b5-4131-ae63-957e743168cd; monitor_count=3',
  'accept-language' => 'zh-CN,zh;q=0.9',
  'accept-encoding' => 'gzip, deflate',
  'accept' => 'text/html,application/xhtml+xml,application/xml;q=0.9,image/webp,image/apng,*/*;q=0.8',
  'user-agent' => 'Mozilla/5.0 (Windows NT 10.0; WOW64) AppleWebKit/537.36 (KHTML, like Gecko) Chrome/63.0.3239.132 Safari/537.36',
  'upgrade-insecure-requests' => '1',
  'cache-control' => 'max-age=0',
  'connection' => 'close',
  'host' => 'www.shop2018.com:8081',
)
[ info ] [ PARAM ] array (
)
[ info ] [ LANG ] G:\phpStudy\WWW\action\shop2018\public/../application/index\lang\zh-cn.php
[ info ] [ BEHAVIOR ] Run app\common\behavior\Common @module_init [ RunTime:0.003026s ]
[ info ] [ TOKEN ] INIT Mysql
[ info ] [ DB ] INIT mysql
[ info ] [ LANG ] G:\phpStudy\WWW\action\shop2018\public/../application/index/lang/zh-cn/index.php
[ info ] [ RUN ] app\index\controller\Index->index[ G:\phpStudy\WWW\action\shop2018\application\index\controller\Index.php ]
[ info ] [ VIEW ] G:\phpStudy\WWW\action\shop2018\public/../application/index\view\index\index.html [ array (
  0 => 'user',
  1 => 'categorydata',
  2 => 'site',
  3 => 'config',
  4 => 'banner_list',
) ]
[ info ] [ BEHAVIOR ] Run \addons\loginvideo\Loginvideo @response_send [ RunTime:0.000914s ]
[ info ] [ LOG ] INIT File
[ sql ] [ DB ] CONNECT:[ UseTime:0.081190s ] mysql:host=bdm114585572.my3w.com;port=3306;dbname=bdm114585572_db;charset=utf8
[ sql ] [ SQL ] SHOW COLUMNS FROM `fa_user_token` [ RunTime:0.054085s ]
[ sql ] [ SQL ] SELECT * FROM `fa_user_token` WHERE  `token` = '1a586c06cc8528324bafe05317a1f968aafea774' LIMIT 1 [ RunTime:0.054599s ]
[ sql ] [ SQL ] SHOW COLUMNS FROM `fa_user` [ RunTime:0.054683s ]
[ sql ] [ SQL ] SELECT * FROM `fa_user` WHERE  `id` = 1 LIMIT 1 [ RunTime:0.055770s ]
[ sql ] [ SQL ] SHOW COLUMNS FROM `fa_banner` [ RunTime:0.054402s ]
[ sql ] [ SQL ] SELECT * FROM `fa_banner` WHERE  `status` = 'normal' [ RunTime:0.054541s ]
---------------------------------------------------------------
[ 2019-04-17T17:03:44+08:00 ] 127.0.0.1 GET www.shop2018.com:8081/
[运行时间：0.632964s] [吞吐率：1.58req/s] [内存消耗：3,094.84kb] [文件加载：80]
[ info ] [ BEHAVIOR ] Run Closure @app_init [ RunTime:0.000178s ]
[ info ] [ CACHE ] INIT File
[ info ] [ BEHAVIOR ] Run Closure @app_init [ RunTime:0.006227s ]
[ info ] [ LANG ] G:\phpStudy\WWW\action\shop2018\thinkphp\lang\zh-cn.php
[ info ] [ ROUTE ] array (
  'type' => 'module',
  'module' => 
  array (
    0 => '',
    1 => NULL,
    2 => NULL,
  ),
)
[ info ] [ HEADER ] array (
  'cookie' => '__guid=112445570.987899654372101400.1552907197323.951; Hm_lvt_f8d0a8c400404989e195270b0bbf060a=1554082064,1554189336,1554342871,1554708363; uid=1; token=6b6d81af-62b5-4131-ae63-957e743168cd; monitor_count=4',
  'accept-language' => 'zh-CN,zh;q=0.9',
  'accept-encoding' => 'gzip, deflate',
  'accept' => 'text/html,application/xhtml+xml,application/xml;q=0.9,image/webp,image/apng,*/*;q=0.8',
  'user-agent' => 'Mozilla/5.0 (Windows NT 10.0; WOW64) AppleWebKit/537.36 (KHTML, like Gecko) Chrome/63.0.3239.132 Safari/537.36',
  'upgrade-insecure-requests' => '1',
  'cache-control' => 'max-age=0',
  'connection' => 'close',
  'host' => 'www.shop2018.com:8081',
)
[ info ] [ PARAM ] array (
)
[ info ] [ LANG ] G:\phpStudy\WWW\action\shop2018\public/../application/index\lang\zh-cn.php
[ info ] [ BEHAVIOR ] Run app\common\behavior\Common @module_init [ RunTime:0.003978s ]
[ info ] [ TOKEN ] INIT Mysql
[ info ] [ DB ] INIT mysql
[ info ] [ LANG ] G:\phpStudy\WWW\action\shop2018\public/../application/index/lang/zh-cn/index.php
[ info ] [ RUN ] app\index\controller\Index->index[ G:\phpStudy\WWW\action\shop2018\application\index\controller\Index.php ]
[ info ] [ VIEW ] G:\phpStudy\WWW\action\shop2018\public/../application/index\view\index\index.html [ array (
  0 => 'user',
  1 => 'categorydata',
  2 => 'site',
  3 => 'config',
  4 => 'banner_list',
) ]
[ info ] [ BEHAVIOR ] Run \addons\loginvideo\Loginvideo @response_send [ RunTime:0.001043s ]
[ info ] [ LOG ] INIT File
[ sql ] [ DB ] CONNECT:[ UseTime:0.109830s ] mysql:host=bdm114585572.my3w.com;port=3306;dbname=bdm114585572_db;charset=utf8
[ sql ] [ SQL ] SHOW COLUMNS FROM `fa_user_token` [ RunTime:0.070896s ]
[ sql ] [ SQL ] SELECT * FROM `fa_user_token` WHERE  `token` = '1a586c06cc8528324bafe05317a1f968aafea774' LIMIT 1 [ RunTime:0.075501s ]
[ sql ] [ SQL ] SHOW COLUMNS FROM `fa_user` [ RunTime:0.066595s ]
[ sql ] [ SQL ] SELECT * FROM `fa_user` WHERE  `id` = 1 LIMIT 1 [ RunTime:0.067475s ]
[ sql ] [ SQL ] SHOW COLUMNS FROM `fa_banner` [ RunTime:0.071236s ]
[ sql ] [ SQL ] SELECT * FROM `fa_banner` WHERE  `status` = 'normal' [ RunTime:0.066282s ]
---------------------------------------------------------------
[ 2019-04-17T17:03:44+08:00 ] 127.0.0.1 GET www.shop2018.com:8081/home/jiaoben6415/images/pause.png
[运行时间：0.059297s] [吞吐率：16.86req/s] [内存消耗：1,618.38kb] [文件加载：56]
[ info ] [ BEHAVIOR ] Run Closure @app_init [ RunTime:0.000041s ]
[ info ] [ CACHE ] INIT File
[ info ] [ BEHAVIOR ] Run Closure @app_init [ RunTime:0.007016s ]
[ info ] [ LANG ] G:\phpStudy\WWW\action\shop2018\thinkphp\lang\zh-cn.php
[ info ] [ ROUTE ] array (
  'type' => 'module',
  'module' => 
  array (
    0 => 'home',
    1 => 'jiaoben6415',
    2 => 'images',
  ),
)
[ info ] [ HEADER ] array (
  'cookie' => '__guid=112445570.987899654372101400.1552907197323.951; Hm_lvt_f8d0a8c400404989e195270b0bbf060a=1554082064,1554189336,1554342871,1554708363; uid=1; token=6b6d81af-62b5-4131-ae63-957e743168cd; monitor_count=5',
  'accept-language' => 'zh-CN,zh;q=0.9',
  'accept-encoding' => 'gzip, deflate',
  'referer' => 'http://www.shop2018.com:8081/home/jiaoben6415/css/style.css',
  'accept' => 'image/webp,image/apng,image/*,*/*;q=0.8',
  'user-agent' => 'Mozilla/5.0 (Windows NT 10.0; WOW64) AppleWebKit/537.36 (KHTML, like Gecko) Chrome/63.0.3239.132 Safari/537.36',
  'connection' => 'close',
  'host' => 'www.shop2018.com:8081',
)
[ info ] [ PARAM ] array (
)
[ info ] [ BEHAVIOR ] Run \addons\loginvideo\Loginvideo @response_send [ RunTime:0.007486s ]
[ info ] [ LOG ] INIT File
---------------------------------------------------------------
[ 2019-04-17T17:11:51+08:00 ] 127.0.0.1 GET www.shop2018.com:8081/
[运行时间：0.696240s] [吞吐率：1.44req/s] [内存消耗：2,957.76kb] [文件加载：78]
[ info ] [ BEHAVIOR ] Run Closure @app_init [ RunTime:0.000191s ]
[ info ] [ CACHE ] INIT File
[ info ] [ BEHAVIOR ] Run Closure @app_init [ RunTime:0.015172s ]
[ info ] [ LANG ] G:\phpStudy\WWW\action\shop2018\thinkphp\lang\zh-cn.php
[ info ] [ ROUTE ] array (
  'type' => 'module',
  'module' => 
  array (
    0 => '',
    1 => NULL,
    2 => NULL,
  ),
)
[ info ] [ HEADER ] array (
  'cookie' => '__guid=112445570.987899654372101400.1552907197323.951; Hm_lvt_f8d0a8c400404989e195270b0bbf060a=1554082064,1554189336,1554342871,1554708363; uid=1; token=6b6d81af-62b5-4131-ae63-957e743168cd; monitor_count=5',
  'accept-language' => 'zh-CN,zh;q=0.9',
  'accept-encoding' => 'gzip, deflate',
  'accept' => 'text/html,application/xhtml+xml,application/xml;q=0.9,image/webp,image/apng,*/*;q=0.8',
  'user-agent' => 'Mozilla/5.0 (Windows NT 10.0; WOW64) AppleWebKit/537.36 (KHTML, like Gecko) Chrome/63.0.3239.132 Safari/537.36',
  'upgrade-insecure-requests' => '1',
  'cache-control' => 'no-cache',
  'pragma' => 'no-cache',
  'connection' => 'close',
  'host' => 'www.shop2018.com:8081',
)
[ info ] [ PARAM ] array (
)
[ info ] [ LANG ] G:\phpStudy\WWW\action\shop2018\public/../application/index\lang\zh-cn.php
[ info ] [ BEHAVIOR ] Run app\common\behavior\Common @module_init [ RunTime:0.004516s ]
[ info ] [ TOKEN ] INIT Mysql
[ info ] [ DB ] INIT mysql
[ info ] [ LANG ] G:\phpStudy\WWW\action\shop2018\public/../application/index/lang/zh-cn/index.php
[ info ] [ RUN ] app\index\controller\Index->index[ G:\phpStudy\WWW\action\shop2018\application\index\controller\Index.php ]
[ info ] [ VIEW ] G:\phpStudy\WWW\action\shop2018\public/../application/index\view\index\index.html [ array (
  0 => 'user',
  1 => 'categorydata',
  2 => 'site',
  3 => 'config',
  4 => 'banner_list',
) ]
[ info ] [ BEHAVIOR ] Run \addons\loginvideo\Loginvideo @response_send [ RunTime:0.000674s ]
[ info ] [ LOG ] INIT File
[ sql ] [ DB ] CONNECT:[ UseTime:0.156260s ] mysql:host=bdm114585572.my3w.com;port=3306;dbname=bdm114585572_db;charset=utf8
[ sql ] [ SQL ] SHOW COLUMNS FROM `fa_user_token` [ RunTime:0.067666s ]
[ sql ] [ SQL ] SELECT * FROM `fa_user_token` WHERE  `token` = '1a586c06cc8528324bafe05317a1f968aafea774' LIMIT 1 [ RunTime:0.065405s ]
[ sql ] [ SQL ] SHOW COLUMNS FROM `fa_user` [ RunTime:0.067153s ]
[ sql ] [ SQL ] SELECT * FROM `fa_user` WHERE  `id` = 1 LIMIT 1 [ RunTime:0.065938s ]
[ sql ] [ SQL ] SHOW COLUMNS FROM `fa_banner` [ RunTime:0.066324s ]
[ sql ] [ SQL ] SELECT * FROM `fa_banner` WHERE  `status` = 'normal' [ RunTime:0.065187s ]
---------------------------------------------------------------
[ 2019-04-17T17:11:52+08:00 ] 127.0.0.1 GET www.shop2018.com:8081/home/jiaoben6415/images/pause.png
[运行时间：0.054845s] [吞吐率：18.23req/s] [内存消耗：1,618.71kb] [文件加载：56]
[ info ] [ BEHAVIOR ] Run Closure @app_init [ RunTime:0.000037s ]
[ info ] [ CACHE ] INIT File
[ info ] [ BEHAVIOR ] Run Closure @app_init [ RunTime:0.005786s ]
[ info ] [ LANG ] G:\phpStudy\WWW\action\shop2018\thinkphp\lang\zh-cn.php
[ info ] [ ROUTE ] array (
  'type' => 'module',
  'module' => 
  array (
    0 => 'home',
    1 => 'jiaoben6415',
    2 => 'images',
  ),
)
[ info ] [ HEADER ] array (
  'cookie' => '__guid=112445570.987899654372101400.1552907197323.951; Hm_lvt_f8d0a8c400404989e195270b0bbf060a=1554082064,1554189336,1554342871,1554708363; uid=1; token=6b6d81af-62b5-4131-ae63-957e743168cd; monitor_count=6',
  'accept-language' => 'zh-CN,zh;q=0.9',
  'accept-encoding' => 'gzip, deflate',
  'referer' => 'http://www.shop2018.com:8081/home/jiaoben6415/css/style.css',
  'accept' => 'image/webp,image/apng,image/*,*/*;q=0.8',
  'user-agent' => 'Mozilla/5.0 (Windows NT 10.0; WOW64) AppleWebKit/537.36 (KHTML, like Gecko) Chrome/63.0.3239.132 Safari/537.36',
  'cache-control' => 'no-cache',
  'pragma' => 'no-cache',
  'connection' => 'close',
  'host' => 'www.shop2018.com:8081',
)
[ info ] [ PARAM ] array (
)
[ info ] [ BEHAVIOR ] Run \addons\loginvideo\Loginvideo @response_send [ RunTime:0.007512s ]
[ info ] [ LOG ] INIT File
---------------------------------------------------------------
[ 2019-04-17T17:12:52+08:00 ] 127.0.0.1 GET www.shop2018.com:8081/
[运行时间：0.583646s] [吞吐率：1.71req/s] [内存消耗：2,957.70kb] [文件加载：78]
[ info ] [ BEHAVIOR ] Run Closure @app_init [ RunTime:0.000041s ]
[ info ] [ CACHE ] INIT File
[ info ] [ BEHAVIOR ] Run Closure @app_init [ RunTime:0.004558s ]
[ info ] [ LANG ] G:\phpStudy\WWW\action\shop2018\thinkphp\lang\zh-cn.php
[ info ] [ ROUTE ] array (
  'type' => 'module',
  'module' => 
  array (
    0 => '',
    1 => NULL,
    2 => NULL,
  ),
)
[ info ] [ HEADER ] array (
  'cookie' => '__guid=112445570.987899654372101400.1552907197323.951; Hm_lvt_f8d0a8c400404989e195270b0bbf060a=1554082064,1554189336,1554342871,1554708363; uid=1; token=6b6d81af-62b5-4131-ae63-957e743168cd; monitor_count=6',
  'accept-language' => 'zh-CN,zh;q=0.9',
  'accept-encoding' => 'gzip, deflate',
  'accept' => 'text/html,application/xhtml+xml,application/xml;q=0.9,image/webp,image/apng,*/*;q=0.8',
  'user-agent' => 'Mozilla/5.0 (Windows NT 10.0; WOW64) AppleWebKit/537.36 (KHTML, like Gecko) Chrome/63.0.3239.132 Safari/537.36',
  'upgrade-insecure-requests' => '1',
  'cache-control' => 'max-age=0',
  'connection' => 'close',
  'host' => 'www.shop2018.com:8081',
)
[ info ] [ PARAM ] array (
)
[ info ] [ LANG ] G:\phpStudy\WWW\action\shop2018\public/../application/index\lang\zh-cn.php
[ info ] [ BEHAVIOR ] Run app\common\behavior\Common @module_init [ RunTime:0.002416s ]
[ info ] [ TOKEN ] INIT Mysql
[ info ] [ DB ] INIT mysql
[ info ] [ LANG ] G:\phpStudy\WWW\action\shop2018\public/../application/index/lang/zh-cn/index.php
[ info ] [ RUN ] app\index\controller\Index->index[ G:\phpStudy\WWW\action\shop2018\application\index\controller\Index.php ]
[ info ] [ VIEW ] G:\phpStudy\WWW\action\shop2018\public/../application/index\view\index\index.html [ array (
  0 => 'user',
  1 => 'categorydata',
  2 => 'site',
  3 => 'config',
  4 => 'banner_list',
) ]
[ info ] [ BEHAVIOR ] Run \addons\loginvideo\Loginvideo @response_send [ RunTime:0.001359s ]
[ info ] [ LOG ] INIT File
[ sql ] [ DB ] CONNECT:[ UseTime:0.116494s ] mysql:host=bdm114585572.my3w.com;port=3306;dbname=bdm114585572_db;charset=utf8
[ sql ] [ SQL ] SHOW COLUMNS FROM `fa_user_token` [ RunTime:0.063687s ]
[ sql ] [ SQL ] SELECT * FROM `fa_user_token` WHERE  `token` = '1a586c06cc8528324bafe05317a1f968aafea774' LIMIT 1 [ RunTime:0.062201s ]
[ sql ] [ SQL ] SHOW COLUMNS FROM `fa_user` [ RunTime:0.062768s ]
[ sql ] [ SQL ] SELECT * FROM `fa_user` WHERE  `id` = 1 LIMIT 1 [ RunTime:0.063349s ]
[ sql ] [ SQL ] SHOW COLUMNS FROM `fa_banner` [ RunTime:0.062853s ]
[ sql ] [ SQL ] SELECT * FROM `fa_banner` WHERE  `status` = 'normal' [ RunTime:0.061131s ]
---------------------------------------------------------------
[ 2019-04-17T17:12:52+08:00 ] 127.0.0.1 GET www.shop2018.com:8081/home/jiaoben6415/images/pause.png
[运行时间：0.055972s] [吞吐率：17.87req/s] [内存消耗：1,618.38kb] [文件加载：56]
[ info ] [ BEHAVIOR ] Run Closure @app_init [ RunTime:0.000043s ]
[ info ] [ CACHE ] INIT File
[ info ] [ BEHAVIOR ] Run Closure @app_init [ RunTime:0.004746s ]
[ info ] [ LANG ] G:\phpStudy\WWW\action\shop2018\thinkphp\lang\zh-cn.php
[ info ] [ ROUTE ] array (
  'type' => 'module',
  'module' => 
  array (
    0 => 'home',
    1 => 'jiaoben6415',
    2 => 'images',
  ),
)
[ info ] [ HEADER ] array (
  'cookie' => '__guid=112445570.987899654372101400.1552907197323.951; Hm_lvt_f8d0a8c400404989e195270b0bbf060a=1554082064,1554189336,1554342871,1554708363; uid=1; token=6b6d81af-62b5-4131-ae63-957e743168cd; monitor_count=7',
  'accept-language' => 'zh-CN,zh;q=0.9',
  'accept-encoding' => 'gzip, deflate',
  'referer' => 'http://www.shop2018.com:8081/home/jiaoben6415/css/style.css',
  'accept' => 'image/webp,image/apng,image/*,*/*;q=0.8',
  'user-agent' => 'Mozilla/5.0 (Windows NT 10.0; WOW64) AppleWebKit/537.36 (KHTML, like Gecko) Chrome/63.0.3239.132 Safari/537.36',
  'connection' => 'close',
  'host' => 'www.shop2018.com:8081',
)
[ info ] [ PARAM ] array (
)
[ info ] [ BEHAVIOR ] Run \addons\loginvideo\Loginvideo @response_send [ RunTime:0.008641s ]
[ info ] [ LOG ] INIT File
---------------------------------------------------------------
[ 2019-04-17T17:16:22+08:00 ] 127.0.0.1 GET www.shop2018.com:8081/
[运行时间：0.617544s] [吞吐率：1.62req/s] [内存消耗：2,957.73kb] [文件加载：78]
[ info ] [ BEHAVIOR ] Run Closure @app_init [ RunTime:0.000041s ]
[ info ] [ CACHE ] INIT File
[ info ] [ BEHAVIOR ] Run Closure @app_init [ RunTime:0.011177s ]
[ info ] [ LANG ] G:\phpStudy\WWW\action\shop2018\thinkphp\lang\zh-cn.php
[ info ] [ ROUTE ] array (
  'type' => 'module',
  'module' => 
  array (
    0 => '',
    1 => NULL,
    2 => NULL,
  ),
)
[ info ] [ HEADER ] array (
  'cookie' => '__guid=112445570.987899654372101400.1552907197323.951; Hm_lvt_f8d0a8c400404989e195270b0bbf060a=1554082064,1554189336,1554342871,1554708363; uid=1; token=6b6d81af-62b5-4131-ae63-957e743168cd; monitor_count=7',
  'accept-language' => 'zh-CN,zh;q=0.9',
  'accept-encoding' => 'gzip, deflate',
  'accept' => 'text/html,application/xhtml+xml,application/xml;q=0.9,image/webp,image/apng,*/*;q=0.8',
  'user-agent' => 'Mozilla/5.0 (iPhone; CPU iPhone OS 10_3 like Mac OS X) AppleWebKit/602.1.50 (KHTML, like Gecko) CriOS/56.0.2924.75 Mobile/14E5239e Safari/602.1',
  'upgrade-insecure-requests' => '1',
  'cache-control' => 'max-age=0',
  'connection' => 'close',
  'host' => 'www.shop2018.com:8081',
)
[ info ] [ PARAM ] array (
)
[ info ] [ LANG ] G:\phpStudy\WWW\action\shop2018\public/../application/index\lang\zh-cn.php
[ info ] [ BEHAVIOR ] Run app\common\behavior\Common @module_init [ RunTime:0.004018s ]
[ info ] [ TOKEN ] INIT Mysql
[ info ] [ DB ] INIT mysql
[ info ] [ LANG ] G:\phpStudy\WWW\action\shop2018\public/../application/index/lang/zh-cn/index.php
[ info ] [ RUN ] app\index\controller\Index->index[ G:\phpStudy\WWW\action\shop2018\application\index\controller\Index.php ]
[ info ] [ VIEW ] G:\phpStudy\WWW\action\shop2018\public/../application/index\view\index\index.html [ array (
  0 => 'user',
  1 => 'categorydata',
  2 => 'site',
  3 => 'config',
  4 => 'banner_list',
) ]
[ info ] [ BEHAVIOR ] Run \addons\loginvideo\Loginvideo @response_send [ RunTime:0.000579s ]
[ info ] [ LOG ] INIT File
[ sql ] [ DB ] CONNECT:[ UseTime:0.107235s ] mysql:host=bdm114585572.my3w.com;port=3306;dbname=bdm114585572_db;charset=utf8
[ sql ] [ SQL ] SHOW COLUMNS FROM `fa_user_token` [ RunTime:0.064770s ]
[ sql ] [ SQL ] SELECT * FROM `fa_user_token` WHERE  `token` = '1a586c06cc8528324bafe05317a1f968aafea774' LIMIT 1 [ RunTime:0.064499s ]
[ sql ] [ SQL ] SHOW COLUMNS FROM `fa_user` [ RunTime:0.066331s ]
[ sql ] [ SQL ] SELECT * FROM `fa_user` WHERE  `id` = 1 LIMIT 1 [ RunTime:0.065242s ]
[ sql ] [ SQL ] SHOW COLUMNS FROM `fa_banner` [ RunTime:0.065269s ]
[ sql ] [ SQL ] SELECT * FROM `fa_banner` WHERE  `status` = 'normal' [ RunTime:0.064234s ]
---------------------------------------------------------------
[ 2019-04-17T17:16:22+08:00 ] 127.0.0.1 GET www.shop2018.com:8081/home/jiaoben6415/images/pause.png
[运行时间：0.057044s] [吞吐率：17.53req/s] [内存消耗：1,618.41kb] [文件加载：56]
[ info ] [ BEHAVIOR ] Run Closure @app_init [ RunTime:0.000038s ]
[ info ] [ CACHE ] INIT File
[ info ] [ BEHAVIOR ] Run Closure @app_init [ RunTime:0.007481s ]
[ info ] [ LANG ] G:\phpStudy\WWW\action\shop2018\thinkphp\lang\zh-cn.php
[ info ] [ ROUTE ] array (
  'type' => 'module',
  'module' => 
  array (
    0 => 'home',
    1 => 'jiaoben6415',
    2 => 'images',
  ),
)
[ info ] [ HEADER ] array (
  'cookie' => '__guid=112445570.987899654372101400.1552907197323.951; Hm_lvt_f8d0a8c400404989e195270b0bbf060a=1554082064,1554189336,1554342871,1554708363; uid=1; token=6b6d81af-62b5-4131-ae63-957e743168cd; monitor_count=8',
  'accept-language' => 'zh-CN,zh;q=0.9',
  'accept-encoding' => 'gzip, deflate',
  'referer' => 'http://www.shop2018.com:8081/home/jiaoben6415/css/style.css',
  'accept' => 'image/webp,image/apng,image/*,*/*;q=0.8',
  'user-agent' => 'Mozilla/5.0 (iPhone; CPU iPhone OS 10_3 like Mac OS X) AppleWebKit/602.1.50 (KHTML, like Gecko) CriOS/56.0.2924.75 Mobile/14E5239e Safari/602.1',
  'connection' => 'close',
  'host' => 'www.shop2018.com:8081',
)
[ info ] [ PARAM ] array (
)
[ info ] [ BEHAVIOR ] Run \addons\loginvideo\Loginvideo @response_send [ RunTime:0.006824s ]
[ info ] [ LOG ] INIT File
---------------------------------------------------------------
[ 2019-04-17T17:18:25+08:00 ] 127.0.0.1 GET www.shop2018.com:8081/
[运行时间：1.297626s] [吞吐率：0.77req/s] [内存消耗：2,957.70kb] [文件加载：78]
[ info ] [ BEHAVIOR ] Run Closure @app_init [ RunTime:0.000033s ]
[ info ] [ CACHE ] INIT File
[ info ] [ BEHAVIOR ] Run Closure @app_init [ RunTime:0.005772s ]
[ info ] [ LANG ] G:\phpStudy\WWW\action\shop2018\thinkphp\lang\zh-cn.php
[ info ] [ ROUTE ] array (
  'type' => 'module',
  'module' => 
  array (
    0 => '',
    1 => NULL,
    2 => NULL,
  ),
)
[ info ] [ HEADER ] array (
  'cookie' => '__guid=112445570.987899654372101400.1552907197323.951; Hm_lvt_f8d0a8c400404989e195270b0bbf060a=1554082064,1554189336,1554342871,1554708363; uid=1; token=6b6d81af-62b5-4131-ae63-957e743168cd; monitor_count=8',
  'accept-language' => 'zh-CN,zh;q=0.9',
  'accept-encoding' => 'gzip, deflate',
  'accept' => 'text/html,application/xhtml+xml,application/xml;q=0.9,image/webp,image/apng,*/*;q=0.8',
  'user-agent' => 'Mozilla/5.0 (Windows NT 10.0; WOW64) AppleWebKit/537.36 (KHTML, like Gecko) Chrome/63.0.3239.132 Safari/537.36',
  'upgrade-insecure-requests' => '1',
  'cache-control' => 'max-age=0',
  'connection' => 'close',
  'host' => 'www.shop2018.com:8081',
)
[ info ] [ PARAM ] array (
)
[ info ] [ LANG ] G:\phpStudy\WWW\action\shop2018\public/../application/index\lang\zh-cn.php
[ info ] [ BEHAVIOR ] Run app\common\behavior\Common @module_init [ RunTime:0.002515s ]
[ info ] [ TOKEN ] INIT Mysql
[ info ] [ DB ] INIT mysql
[ info ] [ LANG ] G:\phpStudy\WWW\action\shop2018\public/../application/index/lang/zh-cn/index.php
[ info ] [ RUN ] app\index\controller\Index->index[ G:\phpStudy\WWW\action\shop2018\application\index\controller\Index.php ]
[ info ] [ VIEW ] G:\phpStudy\WWW\action\shop2018\public/../application/index\view\index\index.html [ array (
  0 => 'user',
  1 => 'categorydata',
  2 => 'site',
  3 => 'config',
  4 => 'banner_list',
) ]
[ info ] [ BEHAVIOR ] Run \addons\loginvideo\Loginvideo @response_send [ RunTime:0.000789s ]
[ info ] [ LOG ] INIT File
[ sql ] [ DB ] CONNECT:[ UseTime:0.223924s ] mysql:host=bdm114585572.my3w.com;port=3306;dbname=bdm114585572_db;charset=utf8
[ sql ] [ SQL ] SHOW COLUMNS FROM `fa_user_token` [ RunTime:0.138075s ]
[ sql ] [ SQL ] SELECT * FROM `fa_user_token` WHERE  `token` = '1a586c06cc8528324bafe05317a1f968aafea774' LIMIT 1 [ RunTime:0.184260s ]
[ sql ] [ SQL ] SHOW COLUMNS FROM `fa_user` [ RunTime:0.181791s ]
[ sql ] [ SQL ] SELECT * FROM `fa_user` WHERE  `id` = 1 LIMIT 1 [ RunTime:0.166810s ]
[ sql ] [ SQL ] SHOW COLUMNS FROM `fa_banner` [ RunTime:0.175109s ]
[ sql ] [ SQL ] SELECT * FROM `fa_banner` WHERE  `status` = 'normal' [ RunTime:0.138689s ]
---------------------------------------------------------------
[ 2019-04-17T17:18:26+08:00 ] 127.0.0.1 GET www.shop2018.com:8081/home/jiaoben6415/images/pause.png
[运行时间：0.053417s] [吞吐率：18.72req/s] [内存消耗：1,618.38kb] [文件加载：56]
[ info ] [ BEHAVIOR ] Run Closure @app_init [ RunTime:0.000037s ]
[ info ] [ CACHE ] INIT File
[ info ] [ BEHAVIOR ] Run Closure @app_init [ RunTime:0.005047s ]
[ info ] [ LANG ] G:\phpStudy\WWW\action\shop2018\thinkphp\lang\zh-cn.php
[ info ] [ ROUTE ] array (
  'type' => 'module',
  'module' => 
  array (
    0 => 'home',
    1 => 'jiaoben6415',
    2 => 'images',
  ),
)
[ info ] [ HEADER ] array (
  'cookie' => '__guid=112445570.987899654372101400.1552907197323.951; Hm_lvt_f8d0a8c400404989e195270b0bbf060a=1554082064,1554189336,1554342871,1554708363; uid=1; token=6b6d81af-62b5-4131-ae63-957e743168cd; monitor_count=9',
  'accept-language' => 'zh-CN,zh;q=0.9',
  'accept-encoding' => 'gzip, deflate',
  'referer' => 'http://www.shop2018.com:8081/home/jiaoben6415/css/style.css',
  'accept' => 'image/webp,image/apng,image/*,*/*;q=0.8',
  'user-agent' => 'Mozilla/5.0 (Windows NT 10.0; WOW64) AppleWebKit/537.36 (KHTML, like Gecko) Chrome/63.0.3239.132 Safari/537.36',
  'connection' => 'close',
  'host' => 'www.shop2018.com:8081',
)
[ info ] [ PARAM ] array (
)
[ info ] [ BEHAVIOR ] Run \addons\loginvideo\Loginvideo @response_send [ RunTime:0.007718s ]
[ info ] [ LOG ] INIT File
---------------------------------------------------------------
[ 2019-04-17T17:25:39+08:00 ] 127.0.0.1 GET www.shop2018.com:8081/
[运行时间：0.681988s] [吞吐率：1.47req/s] [内存消耗：3,094.84kb] [文件加载：80]
[ info ] [ BEHAVIOR ] Run Closure @app_init [ RunTime:0.000193s ]
[ info ] [ CACHE ] INIT File
[ info ] [ BEHAVIOR ] Run Closure @app_init [ RunTime:0.007096s ]
[ info ] [ LANG ] G:\phpStudy\WWW\action\shop2018\thinkphp\lang\zh-cn.php
[ info ] [ ROUTE ] array (
  'type' => 'module',
  'module' => 
  array (
    0 => '',
    1 => NULL,
    2 => NULL,
  ),
)
[ info ] [ HEADER ] array (
  'cookie' => '__guid=112445570.987899654372101400.1552907197323.951; Hm_lvt_f8d0a8c400404989e195270b0bbf060a=1554082064,1554189336,1554342871,1554708363; uid=1; token=6b6d81af-62b5-4131-ae63-957e743168cd; monitor_count=9',
  'accept-language' => 'zh-CN,zh;q=0.9',
  'accept-encoding' => 'gzip, deflate',
  'accept' => 'text/html,application/xhtml+xml,application/xml;q=0.9,image/webp,image/apng,*/*;q=0.8',
  'user-agent' => 'Mozilla/5.0 (Windows NT 10.0; WOW64) AppleWebKit/537.36 (KHTML, like Gecko) Chrome/63.0.3239.132 Safari/537.36',
  'upgrade-insecure-requests' => '1',
  'cache-control' => 'max-age=0',
  'connection' => 'close',
  'host' => 'www.shop2018.com:8081',
)
[ info ] [ PARAM ] array (
)
[ info ] [ LANG ] G:\phpStudy\WWW\action\shop2018\public/../application/index\lang\zh-cn.php
[ info ] [ BEHAVIOR ] Run app\common\behavior\Common @module_init [ RunTime:0.002835s ]
[ info ] [ TOKEN ] INIT Mysql
[ info ] [ DB ] INIT mysql
[ info ] [ LANG ] G:\phpStudy\WWW\action\shop2018\public/../application/index/lang/zh-cn/index.php
[ info ] [ RUN ] app\index\controller\Index->index[ G:\phpStudy\WWW\action\shop2018\application\index\controller\Index.php ]
[ info ] [ VIEW ] G:\phpStudy\WWW\action\shop2018\public/../application/index\view\index\index.html [ array (
  0 => 'user',
  1 => 'categorydata',
  2 => 'site',
  3 => 'config',
  4 => 'banner_list',
) ]
[ info ] [ BEHAVIOR ] Run \addons\loginvideo\Loginvideo @response_send [ RunTime:0.000848s ]
[ info ] [ LOG ] INIT File
[ sql ] [ DB ] CONNECT:[ UseTime:0.139801s ] mysql:host=bdm114585572.my3w.com;port=3306;dbname=bdm114585572_db;charset=utf8
[ sql ] [ SQL ] SHOW COLUMNS FROM `fa_user_token` [ RunTime:0.066918s ]
[ sql ] [ SQL ] SELECT * FROM `fa_user_token` WHERE  `token` = '1a586c06cc8528324bafe05317a1f968aafea774' LIMIT 1 [ RunTime:0.066625s ]
[ sql ] [ SQL ] SHOW COLUMNS FROM `fa_user` [ RunTime:0.073369s ]
[ sql ] [ SQL ] SELECT * FROM `fa_user` WHERE  `id` = 1 LIMIT 1 [ RunTime:0.067741s ]
[ sql ] [ SQL ] SHOW COLUMNS FROM `fa_banner` [ RunTime:0.066655s ]
[ sql ] [ SQL ] SELECT * FROM `fa_banner` WHERE  `status` = 'normal' [ RunTime:0.066129s ]
---------------------------------------------------------------
[ 2019-04-17T17:25:40+08:00 ] 127.0.0.1 GET www.shop2018.com:8081/home/jiaoben6415/images/pause.png
[运行时间：0.067045s] [吞吐率：14.92req/s] [内存消耗：1,618.38kb] [文件加载：56]
[ info ] [ BEHAVIOR ] Run Closure @app_init [ RunTime:0.000051s ]
[ info ] [ CACHE ] INIT File
[ info ] [ BEHAVIOR ] Run Closure @app_init [ RunTime:0.006826s ]
[ info ] [ LANG ] G:\phpStudy\WWW\action\shop2018\thinkphp\lang\zh-cn.php
[ info ] [ ROUTE ] array (
  'type' => 'module',
  'module' => 
  array (
    0 => 'home',
    1 => 'jiaoben6415',
    2 => 'images',
  ),
)
[ info ] [ HEADER ] array (
  'cookie' => '__guid=112445570.987899654372101400.1552907197323.951; Hm_lvt_f8d0a8c400404989e195270b0bbf060a=1554082064,1554189336,1554342871,1554708363; uid=1; token=6b6d81af-62b5-4131-ae63-957e743168cd; monitor_count=10',
  'accept-language' => 'zh-CN,zh;q=0.9',
  'accept-encoding' => 'gzip, deflate',
  'referer' => 'http://www.shop2018.com:8081/home/jiaoben6415/css/style.css',
  'accept' => 'image/webp,image/apng,image/*,*/*;q=0.8',
  'user-agent' => 'Mozilla/5.0 (Windows NT 10.0; WOW64) AppleWebKit/537.36 (KHTML, like Gecko) Chrome/63.0.3239.132 Safari/537.36',
  'connection' => 'close',
  'host' => 'www.shop2018.com:8081',
)
[ info ] [ PARAM ] array (
)
[ info ] [ BEHAVIOR ] Run \addons\loginvideo\Loginvideo @response_send [ RunTime:0.008146s ]
[ info ] [ LOG ] INIT File
---------------------------------------------------------------
[ 2019-04-17T17:26:41+08:00 ] 127.0.0.1 GET www.shop2018.com:8081/
[运行时间：0.612952s] [吞吐率：1.63req/s] [内存消耗：2,957.70kb] [文件加载：78]
[ info ] [ BEHAVIOR ] Run Closure @app_init [ RunTime:0.000037s ]
[ info ] [ CACHE ] INIT File
[ info ] [ BEHAVIOR ] Run Closure @app_init [ RunTime:0.008844s ]
[ info ] [ LANG ] G:\phpStudy\WWW\action\shop2018\thinkphp\lang\zh-cn.php
[ info ] [ ROUTE ] array (
  'type' => 'module',
  'module' => 
  array (
    0 => '',
    1 => NULL,
    2 => NULL,
  ),
)
[ info ] [ HEADER ] array (
  'cookie' => '__guid=112445570.987899654372101400.1552907197323.951; Hm_lvt_f8d0a8c400404989e195270b0bbf060a=1554082064,1554189336,1554342871,1554708363; uid=1; token=6b6d81af-62b5-4131-ae63-957e743168cd; monitor_count=10',
  'accept-language' => 'zh-CN,zh;q=0.9',
  'accept-encoding' => 'gzip, deflate',
  'accept' => 'text/html,application/xhtml+xml,application/xml;q=0.9,image/webp,image/apng,*/*;q=0.8',
  'user-agent' => 'Mozilla/5.0 (Windows NT 10.0; WOW64) AppleWebKit/537.36 (KHTML, like Gecko) Chrome/63.0.3239.132 Safari/537.36',
  'upgrade-insecure-requests' => '1',
  'cache-control' => 'max-age=0',
  'connection' => 'close',
  'host' => 'www.shop2018.com:8081',
)
[ info ] [ PARAM ] array (
)
[ info ] [ LANG ] G:\phpStudy\WWW\action\shop2018\public/../application/index\lang\zh-cn.php
[ info ] [ BEHAVIOR ] Run app\common\behavior\Common @module_init [ RunTime:0.002264s ]
[ info ] [ TOKEN ] INIT Mysql
[ info ] [ DB ] INIT mysql
[ info ] [ LANG ] G:\phpStudy\WWW\action\shop2018\public/../application/index/lang/zh-cn/index.php
[ info ] [ RUN ] app\index\controller\Index->index[ G:\phpStudy\WWW\action\shop2018\application\index\controller\Index.php ]
[ info ] [ VIEW ] G:\phpStudy\WWW\action\shop2018\public/../application/index\view\index\index.html [ array (
  0 => 'user',
  1 => 'categorydata',
  2 => 'site',
  3 => 'config',
  4 => 'banner_list',
) ]
[ info ] [ BEHAVIOR ] Run \addons\loginvideo\Loginvideo @response_send [ RunTime:0.000616s ]
[ info ] [ LOG ] INIT File
[ sql ] [ DB ] CONNECT:[ UseTime:0.097054s ] mysql:host=bdm114585572.my3w.com;port=3306;dbname=bdm114585572_db;charset=utf8
[ sql ] [ SQL ] SHOW COLUMNS FROM `fa_user_token` [ RunTime:0.069031s ]
[ sql ] [ SQL ] SELECT * FROM `fa_user_token` WHERE  `token` = '1a586c06cc8528324bafe05317a1f968aafea774' LIMIT 1 [ RunTime:0.064795s ]
[ sql ] [ SQL ] SHOW COLUMNS FROM `fa_user` [ RunTime:0.066670s ]
[ sql ] [ SQL ] SELECT * FROM `fa_user` WHERE  `id` = 1 LIMIT 1 [ RunTime:0.077037s ]
[ sql ] [ SQL ] SHOW COLUMNS FROM `fa_banner` [ RunTime:0.071374s ]
[ sql ] [ SQL ] SELECT * FROM `fa_banner` WHERE  `status` = 'normal' [ RunTime:0.065886s ]
---------------------------------------------------------------
[ 2019-04-17T17:26:42+08:00 ] 127.0.0.1 GET www.shop2018.com:8081/home/jiaoben6415/images/pause.png
[运行时间：0.062712s] [吞吐率：15.95req/s] [内存消耗：1,618.38kb] [文件加载：56]
[ info ] [ BEHAVIOR ] Run Closure @app_init [ RunTime:0.000037s ]
[ info ] [ CACHE ] INIT File
[ info ] [ BEHAVIOR ] Run Closure @app_init [ RunTime:0.007554s ]
[ info ] [ LANG ] G:\phpStudy\WWW\action\shop2018\thinkphp\lang\zh-cn.php
[ info ] [ ROUTE ] array (
  'type' => 'module',
  'module' => 
  array (
    0 => 'home',
    1 => 'jiaoben6415',
    2 => 'images',
  ),
)
[ info ] [ HEADER ] array (
  'cookie' => '__guid=112445570.987899654372101400.1552907197323.951; Hm_lvt_f8d0a8c400404989e195270b0bbf060a=1554082064,1554189336,1554342871,1554708363; uid=1; token=6b6d81af-62b5-4131-ae63-957e743168cd; monitor_count=11',
  'accept-language' => 'zh-CN,zh;q=0.9',
  'accept-encoding' => 'gzip, deflate',
  'referer' => 'http://www.shop2018.com:8081/home/jiaoben6415/css/style.css',
  'accept' => 'image/webp,image/apng,image/*,*/*;q=0.8',
  'user-agent' => 'Mozilla/5.0 (Windows NT 10.0; WOW64) AppleWebKit/537.36 (KHTML, like Gecko) Chrome/63.0.3239.132 Safari/537.36',
  'connection' => 'close',
  'host' => 'www.shop2018.com:8081',
)
[ info ] [ PARAM ] array (
)
[ info ] [ BEHAVIOR ] Run \addons\loginvideo\Loginvideo @response_send [ RunTime:0.008949s ]
[ info ] [ LOG ] INIT File
---------------------------------------------------------------
[ 2019-04-17T17:29:50+08:00 ] 127.0.0.1 GET www.shop2018.com:8081/
[运行时间：0.696232s] [吞吐率：1.44req/s] [内存消耗：2,957.70kb] [文件加载：78]
[ info ] [ BEHAVIOR ] Run Closure @app_init [ RunTime:0.000041s ]
[ info ] [ CACHE ] INIT File
[ info ] [ BEHAVIOR ] Run Closure @app_init [ RunTime:0.007225s ]
[ info ] [ LANG ] G:\phpStudy\WWW\action\shop2018\thinkphp\lang\zh-cn.php
[ info ] [ ROUTE ] array (
  'type' => 'module',
  'module' => 
  array (
    0 => '',
    1 => NULL,
    2 => NULL,
  ),
)
[ info ] [ HEADER ] array (
  'cookie' => '__guid=112445570.987899654372101400.1552907197323.951; Hm_lvt_f8d0a8c400404989e195270b0bbf060a=1554082064,1554189336,1554342871,1554708363; uid=1; token=6b6d81af-62b5-4131-ae63-957e743168cd; monitor_count=11',
  'accept-language' => 'zh-CN,zh;q=0.9',
  'accept-encoding' => 'gzip, deflate',
  'accept' => 'text/html,application/xhtml+xml,application/xml;q=0.9,image/webp,image/apng,*/*;q=0.8',
  'user-agent' => 'Mozilla/5.0 (Windows NT 10.0; WOW64) AppleWebKit/537.36 (KHTML, like Gecko) Chrome/63.0.3239.132 Safari/537.36',
  'upgrade-insecure-requests' => '1',
  'cache-control' => 'max-age=0',
  'connection' => 'close',
  'host' => 'www.shop2018.com:8081',
)
[ info ] [ PARAM ] array (
)
[ info ] [ LANG ] G:\phpStudy\WWW\action\shop2018\public/../application/index\lang\zh-cn.php
[ info ] [ BEHAVIOR ] Run app\common\behavior\Common @module_init [ RunTime:0.002519s ]
[ info ] [ TOKEN ] INIT Mysql
[ info ] [ DB ] INIT mysql
[ info ] [ LANG ] G:\phpStudy\WWW\action\shop2018\public/../application/index/lang/zh-cn/index.php
[ info ] [ RUN ] app\index\controller\Index->index[ G:\phpStudy\WWW\action\shop2018\application\index\controller\Index.php ]
[ info ] [ VIEW ] G:\phpStudy\WWW\action\shop2018\public/../application/index\view\index\index.html [ array (
  0 => 'user',
  1 => 'categorydata',
  2 => 'site',
  3 => 'config',
  4 => 'banner_list',
) ]
[ info ] [ BEHAVIOR ] Run \addons\loginvideo\Loginvideo @response_send [ RunTime:0.001198s ]
[ info ] [ LOG ] INIT File
[ sql ] [ DB ] CONNECT:[ UseTime:0.124261s ] mysql:host=bdm114585572.my3w.com;port=3306;dbname=bdm114585572_db;charset=utf8
[ sql ] [ SQL ] SHOW COLUMNS FROM `fa_user_token` [ RunTime:0.077610s ]
[ sql ] [ SQL ] SELECT * FROM `fa_user_token` WHERE  `token` = '1a586c06cc8528324bafe05317a1f968aafea774' LIMIT 1 [ RunTime:0.078819s ]
[ sql ] [ SQL ] SHOW COLUMNS FROM `fa_user` [ RunTime:0.080878s ]
[ sql ] [ SQL ] SELECT * FROM `fa_user` WHERE  `id` = 1 LIMIT 1 [ RunTime:0.077048s ]
[ sql ] [ SQL ] SHOW COLUMNS FROM `fa_banner` [ RunTime:0.075569s ]
[ sql ] [ SQL ] SELECT * FROM `fa_banner` WHERE  `status` = 'normal' [ RunTime:0.075238s ]
---------------------------------------------------------------
[ 2019-04-17T17:29:50+08:00 ] 127.0.0.1 GET www.shop2018.com:8081/home/jiaoben6415/images/pause.png
[运行时间：0.056275s] [吞吐率：17.77req/s] [内存消耗：1,618.38kb] [文件加载：56]
[ info ] [ BEHAVIOR ] Run Closure @app_init [ RunTime:0.000042s ]
[ info ] [ CACHE ] INIT File
[ info ] [ BEHAVIOR ] Run Closure @app_init [ RunTime:0.006506s ]
[ info ] [ LANG ] G:\phpStudy\WWW\action\shop2018\thinkphp\lang\zh-cn.php
[ info ] [ ROUTE ] array (
  'type' => 'module',
  'module' => 
  array (
    0 => 'home',
    1 => 'jiaoben6415',
    2 => 'images',
  ),
)
[ info ] [ HEADER ] array (
  'cookie' => '__guid=112445570.987899654372101400.1552907197323.951; Hm_lvt_f8d0a8c400404989e195270b0bbf060a=1554082064,1554189336,1554342871,1554708363; uid=1; token=6b6d81af-62b5-4131-ae63-957e743168cd; monitor_count=12',
  'accept-language' => 'zh-CN,zh;q=0.9',
  'accept-encoding' => 'gzip, deflate',
  'referer' => 'http://www.shop2018.com:8081/home/jiaoben6415/css/style.css',
  'accept' => 'image/webp,image/apng,image/*,*/*;q=0.8',
  'user-agent' => 'Mozilla/5.0 (Windows NT 10.0; WOW64) AppleWebKit/537.36 (KHTML, like Gecko) Chrome/63.0.3239.132 Safari/537.36',
  'connection' => 'close',
  'host' => 'www.shop2018.com:8081',
)
[ info ] [ PARAM ] array (
)
[ info ] [ BEHAVIOR ] Run \addons\loginvideo\Loginvideo @response_send [ RunTime:0.007313s ]
[ info ] [ LOG ] INIT File
---------------------------------------------------------------
[ 2019-04-17T17:33:02+08:00 ] 127.0.0.1 GET www.shop2018.com:8081/
[运行时间：0.792668s] [吞吐率：1.26req/s] [内存消耗：2,957.70kb] [文件加载：78]
[ info ] [ BEHAVIOR ] Run Closure @app_init [ RunTime:0.000179s ]
[ info ] [ CACHE ] INIT File
[ info ] [ BEHAVIOR ] Run Closure @app_init [ RunTime:0.008220s ]
[ info ] [ LANG ] G:\phpStudy\WWW\action\shop2018\thinkphp\lang\zh-cn.php
[ info ] [ ROUTE ] array (
  'type' => 'module',
  'module' => 
  array (
    0 => '',
    1 => NULL,
    2 => NULL,
  ),
)
[ info ] [ HEADER ] array (
  'cookie' => '__guid=112445570.987899654372101400.1552907197323.951; Hm_lvt_f8d0a8c400404989e195270b0bbf060a=1554082064,1554189336,1554342871,1554708363; uid=1; token=6b6d81af-62b5-4131-ae63-957e743168cd; monitor_count=12',
  'accept-language' => 'zh-CN,zh;q=0.9',
  'accept-encoding' => 'gzip, deflate',
  'accept' => 'text/html,application/xhtml+xml,application/xml;q=0.9,image/webp,image/apng,*/*;q=0.8',
  'user-agent' => 'Mozilla/5.0 (Windows NT 10.0; WOW64) AppleWebKit/537.36 (KHTML, like Gecko) Chrome/63.0.3239.132 Safari/537.36',
  'upgrade-insecure-requests' => '1',
  'cache-control' => 'max-age=0',
  'connection' => 'close',
  'host' => 'www.shop2018.com:8081',
)
[ info ] [ PARAM ] array (
)
[ info ] [ LANG ] G:\phpStudy\WWW\action\shop2018\public/../application/index\lang\zh-cn.php
[ info ] [ BEHAVIOR ] Run app\common\behavior\Common @module_init [ RunTime:0.007730s ]
[ info ] [ TOKEN ] INIT Mysql
[ info ] [ DB ] INIT mysql
[ info ] [ LANG ] G:\phpStudy\WWW\action\shop2018\public/../application/index/lang/zh-cn/index.php
[ info ] [ RUN ] app\index\controller\Index->index[ G:\phpStudy\WWW\action\shop2018\application\index\controller\Index.php ]
[ info ] [ VIEW ] G:\phpStudy\WWW\action\shop2018\public/../application/index\view\index\index.html [ array (
  0 => 'user',
  1 => 'categorydata',
  2 => 'site',
  3 => 'config',
  4 => 'banner_list',
) ]
[ info ] [ BEHAVIOR ] Run \addons\loginvideo\Loginvideo @response_send [ RunTime:0.000585s ]
[ info ] [ LOG ] INIT File
[ sql ] [ DB ] CONNECT:[ UseTime:0.184422s ] mysql:host=bdm114585572.my3w.com;port=3306;dbname=bdm114585572_db;charset=utf8
[ sql ] [ SQL ] SHOW COLUMNS FROM `fa_user_token` [ RunTime:0.077293s ]
[ sql ] [ SQL ] SELECT * FROM `fa_user_token` WHERE  `token` = '1a586c06cc8528324bafe05317a1f968aafea774' LIMIT 1 [ RunTime:0.075640s ]
[ sql ] [ SQL ] SHOW COLUMNS FROM `fa_user` [ RunTime:0.076962s ]
[ sql ] [ SQL ] SELECT * FROM `fa_user` WHERE  `id` = 1 LIMIT 1 [ RunTime:0.079163s ]
[ sql ] [ SQL ] SHOW COLUMNS FROM `fa_banner` [ RunTime:0.078007s ]
[ sql ] [ SQL ] SELECT * FROM `fa_banner` WHERE  `status` = 'normal' [ RunTime:0.078752s ]
---------------------------------------------------------------
[ 2019-04-17T17:33:02+08:00 ] 127.0.0.1 GET www.shop2018.com:8081/home/jiaoben6415/images/pause.png
[运行时间：0.054305s] [吞吐率：18.41req/s] [内存消耗：1,618.38kb] [文件加载：56]
[ info ] [ BEHAVIOR ] Run Closure @app_init [ RunTime:0.000044s ]
[ info ] [ CACHE ] INIT File
[ info ] [ BEHAVIOR ] Run Closure @app_init [ RunTime:0.006180s ]
[ info ] [ LANG ] G:\phpStudy\WWW\action\shop2018\thinkphp\lang\zh-cn.php
[ info ] [ ROUTE ] array (
  'type' => 'module',
  'module' => 
  array (
    0 => 'home',
    1 => 'jiaoben6415',
    2 => 'images',
  ),
)
[ info ] [ HEADER ] array (
  'cookie' => '__guid=112445570.987899654372101400.1552907197323.951; Hm_lvt_f8d0a8c400404989e195270b0bbf060a=1554082064,1554189336,1554342871,1554708363; uid=1; token=6b6d81af-62b5-4131-ae63-957e743168cd; monitor_count=13',
  'accept-language' => 'zh-CN,zh;q=0.9',
  'accept-encoding' => 'gzip, deflate',
  'referer' => 'http://www.shop2018.com:8081/home/jiaoben6415/css/style.css',
  'accept' => 'image/webp,image/apng,image/*,*/*;q=0.8',
  'user-agent' => 'Mozilla/5.0 (Windows NT 10.0; WOW64) AppleWebKit/537.36 (KHTML, like Gecko) Chrome/63.0.3239.132 Safari/537.36',
  'connection' => 'close',
  'host' => 'www.shop2018.com:8081',
)
[ info ] [ PARAM ] array (
)
[ info ] [ BEHAVIOR ] Run \addons\loginvideo\Loginvideo @response_send [ RunTime:0.006175s ]
[ info ] [ LOG ] INIT File
---------------------------------------------------------------
[ 2019-04-17T17:35:43+08:00 ] 127.0.0.1 GET www.shop2018.com:8081/
[运行时间：0.633405s] [吞吐率：1.58req/s] [内存消耗：3,094.84kb] [文件加载：80]
[ info ] [ BEHAVIOR ] Run Closure @app_init [ RunTime:0.000061s ]
[ info ] [ CACHE ] INIT File
[ info ] [ BEHAVIOR ] Run Closure @app_init [ RunTime:0.006600s ]
[ info ] [ LANG ] G:\phpStudy\WWW\action\shop2018\thinkphp\lang\zh-cn.php
[ info ] [ ROUTE ] array (
  'type' => 'module',
  'module' => 
  array (
    0 => '',
    1 => NULL,
    2 => NULL,
  ),
)
[ info ] [ HEADER ] array (
  'cookie' => '__guid=112445570.987899654372101400.1552907197323.951; Hm_lvt_f8d0a8c400404989e195270b0bbf060a=1554082064,1554189336,1554342871,1554708363; uid=1; token=6b6d81af-62b5-4131-ae63-957e743168cd; monitor_count=13',
  'accept-language' => 'zh-CN,zh;q=0.9',
  'accept-encoding' => 'gzip, deflate',
  'accept' => 'text/html,application/xhtml+xml,application/xml;q=0.9,image/webp,image/apng,*/*;q=0.8',
  'user-agent' => 'Mozilla/5.0 (Windows NT 10.0; WOW64) AppleWebKit/537.36 (KHTML, like Gecko) Chrome/63.0.3239.132 Safari/537.36',
  'upgrade-insecure-requests' => '1',
  'cache-control' => 'max-age=0',
  'connection' => 'close',
  'host' => 'www.shop2018.com:8081',
)
[ info ] [ PARAM ] array (
)
[ info ] [ LANG ] G:\phpStudy\WWW\action\shop2018\public/../application/index\lang\zh-cn.php
[ info ] [ BEHAVIOR ] Run app\common\behavior\Common @module_init [ RunTime:0.003585s ]
[ info ] [ TOKEN ] INIT Mysql
[ info ] [ DB ] INIT mysql
[ info ] [ LANG ] G:\phpStudy\WWW\action\shop2018\public/../application/index/lang/zh-cn/index.php
[ info ] [ RUN ] app\index\controller\Index->index[ G:\phpStudy\WWW\action\shop2018\application\index\controller\Index.php ]
[ info ] [ VIEW ] G:\phpStudy\WWW\action\shop2018\public/../application/index\view\index\index.html [ array (
  0 => 'user',
  1 => 'categorydata',
  2 => 'site',
  3 => 'config',
  4 => 'banner_list',
) ]
[ info ] [ BEHAVIOR ] Run \addons\loginvideo\Loginvideo @response_send [ RunTime:0.000752s ]
[ info ] [ LOG ] INIT File
[ sql ] [ DB ] CONNECT:[ UseTime:0.109233s ] mysql:host=bdm114585572.my3w.com;port=3306;dbname=bdm114585572_db;charset=utf8
[ sql ] [ SQL ] SHOW COLUMNS FROM `fa_user_token` [ RunTime:0.064786s ]
[ sql ] [ SQL ] SELECT * FROM `fa_user_token` WHERE  `token` = '1a586c06cc8528324bafe05317a1f968aafea774' LIMIT 1 [ RunTime:0.064633s ]
[ sql ] [ SQL ] SHOW COLUMNS FROM `fa_user` [ RunTime:0.064993s ]
[ sql ] [ SQL ] SELECT * FROM `fa_user` WHERE  `id` = 1 LIMIT 1 [ RunTime:0.065408s ]
[ sql ] [ SQL ] SHOW COLUMNS FROM `fa_banner` [ RunTime:0.064787s ]
[ sql ] [ SQL ] SELECT * FROM `fa_banner` WHERE  `status` = 'normal' [ RunTime:0.077385s ]
---------------------------------------------------------------
[ 2019-04-17T17:35:44+08:00 ] 127.0.0.1 GET www.shop2018.com:8081/home/jiaoben6415/images/pause.png
[运行时间：0.058510s] [吞吐率：17.09req/s] [内存消耗：1,618.38kb] [文件加载：56]
[ info ] [ BEHAVIOR ] Run Closure @app_init [ RunTime:0.000043s ]
[ info ] [ CACHE ] INIT File
[ info ] [ BEHAVIOR ] Run Closure @app_init [ RunTime:0.006010s ]
[ info ] [ LANG ] G:\phpStudy\WWW\action\shop2018\thinkphp\lang\zh-cn.php
[ info ] [ ROUTE ] array (
  'type' => 'module',
  'module' => 
  array (
    0 => 'home',
    1 => 'jiaoben6415',
    2 => 'images',
  ),
)
[ info ] [ HEADER ] array (
  'cookie' => '__guid=112445570.987899654372101400.1552907197323.951; Hm_lvt_f8d0a8c400404989e195270b0bbf060a=1554082064,1554189336,1554342871,1554708363; uid=1; token=6b6d81af-62b5-4131-ae63-957e743168cd; monitor_count=14',
  'accept-language' => 'zh-CN,zh;q=0.9',
  'accept-encoding' => 'gzip, deflate',
  'referer' => 'http://www.shop2018.com:8081/home/jiaoben6415/css/style.css',
  'accept' => 'image/webp,image/apng,image/*,*/*;q=0.8',
  'user-agent' => 'Mozilla/5.0 (Windows NT 10.0; WOW64) AppleWebKit/537.36 (KHTML, like Gecko) Chrome/63.0.3239.132 Safari/537.36',
  'connection' => 'close',
  'host' => 'www.shop2018.com:8081',
)
[ info ] [ PARAM ] array (
)
[ info ] [ BEHAVIOR ] Run \addons\loginvideo\Loginvideo @response_send [ RunTime:0.008582s ]
[ info ] [ LOG ] INIT File
---------------------------------------------------------------
[ 2019-04-17T17:38:19+08:00 ] 127.0.0.1 GET www.shop2018.com:8081/
[运行时间：0.663764s] [吞吐率：1.51req/s] [内存消耗：3,114.84kb] [文件加载：80]
[ info ] [ BEHAVIOR ] Run Closure @app_init [ RunTime:0.000043s ]
[ info ] [ CACHE ] INIT File
[ info ] [ BEHAVIOR ] Run Closure @app_init [ RunTime:0.007182s ]
[ info ] [ LANG ] G:\phpStudy\WWW\action\shop2018\thinkphp\lang\zh-cn.php
[ info ] [ ROUTE ] array (
  'type' => 'module',
  'module' => 
  array (
    0 => '',
    1 => NULL,
    2 => NULL,
  ),
)
[ info ] [ HEADER ] array (
  'cookie' => '__guid=112445570.987899654372101400.1552907197323.951; Hm_lvt_f8d0a8c400404989e195270b0bbf060a=1554082064,1554189336,1554342871,1554708363; uid=1; token=6b6d81af-62b5-4131-ae63-957e743168cd; monitor_count=14',
  'accept-language' => 'zh-CN,zh;q=0.9',
  'accept-encoding' => 'gzip, deflate',
  'accept' => 'text/html,application/xhtml+xml,application/xml;q=0.9,image/webp,image/apng,*/*;q=0.8',
  'user-agent' => 'Mozilla/5.0 (Windows NT 10.0; WOW64) AppleWebKit/537.36 (KHTML, like Gecko) Chrome/63.0.3239.132 Safari/537.36',
  'upgrade-insecure-requests' => '1',
  'cache-control' => 'max-age=0',
  'connection' => 'close',
  'host' => 'www.shop2018.com:8081',
)
[ info ] [ PARAM ] array (
)
[ info ] [ LANG ] G:\phpStudy\WWW\action\shop2018\public/../application/index\lang\zh-cn.php
[ info ] [ BEHAVIOR ] Run app\common\behavior\Common @module_init [ RunTime:0.004232s ]
[ info ] [ TOKEN ] INIT Mysql
[ info ] [ DB ] INIT mysql
[ info ] [ LANG ] G:\phpStudy\WWW\action\shop2018\public/../application/index/lang/zh-cn/index.php
[ info ] [ RUN ] app\index\controller\Index->index[ G:\phpStudy\WWW\action\shop2018\application\index\controller\Index.php ]
[ info ] [ VIEW ] G:\phpStudy\WWW\action\shop2018\public/../application/index\view\index\index.html [ array (
  0 => 'user',
  1 => 'categorydata',
  2 => 'site',
  3 => 'config',
  4 => 'banner_list',
) ]
[ info ] [ BEHAVIOR ] Run \addons\loginvideo\Loginvideo @response_send [ RunTime:0.001033s ]
[ info ] [ LOG ] INIT File
[ sql ] [ DB ] CONNECT:[ UseTime:0.102747s ] mysql:host=bdm114585572.my3w.com;port=3306;dbname=bdm114585572_db;charset=utf8
[ sql ] [ SQL ] SHOW COLUMNS FROM `fa_user_token` [ RunTime:0.065601s ]
[ sql ] [ SQL ] SELECT * FROM `fa_user_token` WHERE  `token` = '1a586c06cc8528324bafe05317a1f968aafea774' LIMIT 1 [ RunTime:0.064462s ]
[ sql ] [ SQL ] SHOW COLUMNS FROM `fa_user` [ RunTime:0.065950s ]
[ sql ] [ SQL ] SELECT * FROM `fa_user` WHERE  `id` = 1 LIMIT 1 [ RunTime:0.066352s ]
[ sql ] [ SQL ] SHOW COLUMNS FROM `fa_banner` [ RunTime:0.064447s ]
[ sql ] [ SQL ] SELECT * FROM `fa_banner` WHERE  `status` = 'normal' [ RunTime:0.066098s ]
---------------------------------------------------------------
[ 2019-04-17T17:38:20+08:00 ] 127.0.0.1 GET www.shop2018.com:8081/home/jiaoben6415/images/pause.png
[运行时间：0.064689s] [吞吐率：15.46req/s] [内存消耗：1,618.38kb] [文件加载：56]
[ info ] [ BEHAVIOR ] Run Closure @app_init [ RunTime:0.000043s ]
[ info ] [ CACHE ] INIT File
[ info ] [ BEHAVIOR ] Run Closure @app_init [ RunTime:0.005017s ]
[ info ] [ LANG ] G:\phpStudy\WWW\action\shop2018\thinkphp\lang\zh-cn.php
[ info ] [ ROUTE ] array (
  'type' => 'module',
  'module' => 
  array (
    0 => 'home',
    1 => 'jiaoben6415',
    2 => 'images',
  ),
)
[ info ] [ HEADER ] array (
  'cookie' => '__guid=112445570.987899654372101400.1552907197323.951; Hm_lvt_f8d0a8c400404989e195270b0bbf060a=1554082064,1554189336,1554342871,1554708363; uid=1; token=6b6d81af-62b5-4131-ae63-957e743168cd; monitor_count=15',
  'accept-language' => 'zh-CN,zh;q=0.9',
  'accept-encoding' => 'gzip, deflate',
  'referer' => 'http://www.shop2018.com:8081/home/jiaoben6415/css/style.css',
  'accept' => 'image/webp,image/apng,image/*,*/*;q=0.8',
  'user-agent' => 'Mozilla/5.0 (Windows NT 10.0; WOW64) AppleWebKit/537.36 (KHTML, like Gecko) Chrome/63.0.3239.132 Safari/537.36',
  'connection' => 'close',
  'host' => 'www.shop2018.com:8081',
)
[ info ] [ PARAM ] array (
)
[ info ] [ BEHAVIOR ] Run \addons\loginvideo\Loginvideo @response_send [ RunTime:0.010290s ]
[ info ] [ LOG ] INIT File
---------------------------------------------------------------
[ 2019-04-17T17:38:53+08:00 ] 127.0.0.1 GET www.shop2018.com:8081/
[运行时间：0.694594s] [吞吐率：1.44req/s] [内存消耗：3,094.84kb] [文件加载：80]
[ info ] [ BEHAVIOR ] Run Closure @app_init [ RunTime:0.000043s ]
[ info ] [ CACHE ] INIT File
[ info ] [ BEHAVIOR ] Run Closure @app_init [ RunTime:0.007348s ]
[ info ] [ LANG ] G:\phpStudy\WWW\action\shop2018\thinkphp\lang\zh-cn.php
[ info ] [ ROUTE ] array (
  'type' => 'module',
  'module' => 
  array (
    0 => '',
    1 => NULL,
    2 => NULL,
  ),
)
[ info ] [ HEADER ] array (
  'cookie' => '__guid=112445570.987899654372101400.1552907197323.951; Hm_lvt_f8d0a8c400404989e195270b0bbf060a=1554082064,1554189336,1554342871,1554708363; uid=1; token=6b6d81af-62b5-4131-ae63-957e743168cd; monitor_count=15',
  'accept-language' => 'zh-CN,zh;q=0.9',
  'accept-encoding' => 'gzip, deflate',
  'accept' => 'text/html,application/xhtml+xml,application/xml;q=0.9,image/webp,image/apng,*/*;q=0.8',
  'user-agent' => 'Mozilla/5.0 (Windows NT 10.0; WOW64) AppleWebKit/537.36 (KHTML, like Gecko) Chrome/63.0.3239.132 Safari/537.36',
  'upgrade-insecure-requests' => '1',
  'cache-control' => 'max-age=0',
  'connection' => 'close',
  'host' => 'www.shop2018.com:8081',
)
[ info ] [ PARAM ] array (
)
[ info ] [ LANG ] G:\phpStudy\WWW\action\shop2018\public/../application/index\lang\zh-cn.php
[ info ] [ BEHAVIOR ] Run app\common\behavior\Common @module_init [ RunTime:0.005144s ]
[ info ] [ TOKEN ] INIT Mysql
[ info ] [ DB ] INIT mysql
[ info ] [ LANG ] G:\phpStudy\WWW\action\shop2018\public/../application/index/lang/zh-cn/index.php
[ info ] [ RUN ] app\index\controller\Index->index[ G:\phpStudy\WWW\action\shop2018\application\index\controller\Index.php ]
[ info ] [ VIEW ] G:\phpStudy\WWW\action\shop2018\public/../application/index\view\index\index.html [ array (
  0 => 'user',
  1 => 'categorydata',
  2 => 'site',
  3 => 'config',
  4 => 'banner_list',
) ]
[ info ] [ BEHAVIOR ] Run \addons\loginvideo\Loginvideo @response_send [ RunTime:0.001477s ]
[ info ] [ LOG ] INIT File
[ sql ] [ DB ] CONNECT:[ UseTime:0.114022s ] mysql:host=bdm114585572.my3w.com;port=3306;dbname=bdm114585572_db;charset=utf8
[ sql ] [ SQL ] SHOW COLUMNS FROM `fa_user_token` [ RunTime:0.075545s ]
[ sql ] [ SQL ] SELECT * FROM `fa_user_token` WHERE  `token` = '1a586c06cc8528324bafe05317a1f968aafea774' LIMIT 1 [ RunTime:0.074992s ]
[ sql ] [ SQL ] SHOW COLUMNS FROM `fa_user` [ RunTime:0.074926s ]
[ sql ] [ SQL ] SELECT * FROM `fa_user` WHERE  `id` = 1 LIMIT 1 [ RunTime:0.075330s ]
[ sql ] [ SQL ] SHOW COLUMNS FROM `fa_banner` [ RunTime:0.074556s ]
[ sql ] [ SQL ] SELECT * FROM `fa_banner` WHERE  `status` = 'normal' [ RunTime:0.074728s ]
---------------------------------------------------------------
[ 2019-04-17T17:38:53+08:00 ] 127.0.0.1 GET www.shop2018.com:8081/home/jiaoben6415/images/pause.png
[运行时间：0.053680s] [吞吐率：18.63req/s] [内存消耗：1,618.38kb] [文件加载：56]
[ info ] [ BEHAVIOR ] Run Closure @app_init [ RunTime:0.000038s ]
[ info ] [ CACHE ] INIT File
[ info ] [ BEHAVIOR ] Run Closure @app_init [ RunTime:0.004590s ]
[ info ] [ LANG ] G:\phpStudy\WWW\action\shop2018\thinkphp\lang\zh-cn.php
[ info ] [ ROUTE ] array (
  'type' => 'module',
  'module' => 
  array (
    0 => 'home',
    1 => 'jiaoben6415',
    2 => 'images',
  ),
)
[ info ] [ HEADER ] array (
  'cookie' => '__guid=112445570.987899654372101400.1552907197323.951; Hm_lvt_f8d0a8c400404989e195270b0bbf060a=1554082064,1554189336,1554342871,1554708363; uid=1; token=6b6d81af-62b5-4131-ae63-957e743168cd; monitor_count=16',
  'accept-language' => 'zh-CN,zh;q=0.9',
  'accept-encoding' => 'gzip, deflate',
  'referer' => 'http://www.shop2018.com:8081/home/jiaoben6415/css/style.css',
  'accept' => 'image/webp,image/apng,image/*,*/*;q=0.8',
  'user-agent' => 'Mozilla/5.0 (Windows NT 10.0; WOW64) AppleWebKit/537.36 (KHTML, like Gecko) Chrome/63.0.3239.132 Safari/537.36',
  'connection' => 'close',
  'host' => 'www.shop2018.com:8081',
)
[ info ] [ PARAM ] array (
)
[ info ] [ BEHAVIOR ] Run \addons\loginvideo\Loginvideo @response_send [ RunTime:0.006561s ]
[ info ] [ LOG ] INIT File
---------------------------------------------------------------
[ 2019-04-17T17:39:09+08:00 ] 127.0.0.1 GET www.shop2018.com:8081/
[运行时间：0.581968s] [吞吐率：1.72req/s] [内存消耗：3,094.84kb] [文件加载：80]
[ info ] [ BEHAVIOR ] Run Closure @app_init [ RunTime:0.000043s ]
[ info ] [ CACHE ] INIT File
[ info ] [ BEHAVIOR ] Run Closure @app_init [ RunTime:0.006018s ]
[ info ] [ LANG ] G:\phpStudy\WWW\action\shop2018\thinkphp\lang\zh-cn.php
[ info ] [ ROUTE ] array (
  'type' => 'module',
  'module' => 
  array (
    0 => '',
    1 => NULL,
    2 => NULL,
  ),
)
[ info ] [ HEADER ] array (
  'cookie' => '__guid=112445570.987899654372101400.1552907197323.951; Hm_lvt_f8d0a8c400404989e195270b0bbf060a=1554082064,1554189336,1554342871,1554708363; uid=1; token=6b6d81af-62b5-4131-ae63-957e743168cd; monitor_count=16',
  'accept-language' => 'zh-CN,zh;q=0.9',
  'accept-encoding' => 'gzip, deflate',
  'accept' => 'text/html,application/xhtml+xml,application/xml;q=0.9,image/webp,image/apng,*/*;q=0.8',
  'user-agent' => 'Mozilla/5.0 (Windows NT 10.0; WOW64) AppleWebKit/537.36 (KHTML, like Gecko) Chrome/63.0.3239.132 Safari/537.36',
  'upgrade-insecure-requests' => '1',
  'cache-control' => 'max-age=0',
  'connection' => 'close',
  'host' => 'www.shop2018.com:8081',
)
[ info ] [ PARAM ] array (
)
[ info ] [ LANG ] G:\phpStudy\WWW\action\shop2018\public/../application/index\lang\zh-cn.php
[ info ] [ BEHAVIOR ] Run app\common\behavior\Common @module_init [ RunTime:0.004072s ]
[ info ] [ TOKEN ] INIT Mysql
[ info ] [ DB ] INIT mysql
[ info ] [ LANG ] G:\phpStudy\WWW\action\shop2018\public/../application/index/lang/zh-cn/index.php
[ info ] [ RUN ] app\index\controller\Index->index[ G:\phpStudy\WWW\action\shop2018\application\index\controller\Index.php ]
[ info ] [ VIEW ] G:\phpStudy\WWW\action\shop2018\public/../application/index\view\index\index.html [ array (
  0 => 'user',
  1 => 'categorydata',
  2 => 'site',
  3 => 'config',
  4 => 'banner_list',
) ]
[ info ] [ BEHAVIOR ] Run \addons\loginvideo\Loginvideo @response_send [ RunTime:0.000864s ]
[ info ] [ LOG ] INIT File
[ sql ] [ DB ] CONNECT:[ UseTime:0.099879s ] mysql:host=bdm114585572.my3w.com;port=3306;dbname=bdm114585572_db;charset=utf8
[ sql ] [ SQL ] SHOW COLUMNS FROM `fa_user_token` [ RunTime:0.062877s ]
[ sql ] [ SQL ] SELECT * FROM `fa_user_token` WHERE  `token` = '1a586c06cc8528324bafe05317a1f968aafea774' LIMIT 1 [ RunTime:0.064491s ]
[ sql ] [ SQL ] SHOW COLUMNS FROM `fa_user` [ RunTime:0.062916s ]
[ sql ] [ SQL ] SELECT * FROM `fa_user` WHERE  `id` = 1 LIMIT 1 [ RunTime:0.063556s ]
[ sql ] [ SQL ] SHOW COLUMNS FROM `fa_banner` [ RunTime:0.063213s ]
[ sql ] [ SQL ] SELECT * FROM `fa_banner` WHERE  `status` = 'normal' [ RunTime:0.062323s ]
---------------------------------------------------------------
[ 2019-04-17T17:39:09+08:00 ] 127.0.0.1 GET www.shop2018.com:8081/home/jiaoben6415/images/pause.png
[运行时间：0.051803s] [吞吐率：19.30req/s] [内存消耗：1,618.38kb] [文件加载：56]
[ info ] [ BEHAVIOR ] Run Closure @app_init [ RunTime:0.000039s ]
[ info ] [ CACHE ] INIT File
[ info ] [ BEHAVIOR ] Run Closure @app_init [ RunTime:0.004776s ]
[ info ] [ LANG ] G:\phpStudy\WWW\action\shop2018\thinkphp\lang\zh-cn.php
[ info ] [ ROUTE ] array (
  'type' => 'module',
  'module' => 
  array (
    0 => 'home',
    1 => 'jiaoben6415',
    2 => 'images',
  ),
)
[ info ] [ HEADER ] array (
  'cookie' => '__guid=112445570.987899654372101400.1552907197323.951; Hm_lvt_f8d0a8c400404989e195270b0bbf060a=1554082064,1554189336,1554342871,1554708363; uid=1; token=6b6d81af-62b5-4131-ae63-957e743168cd; monitor_count=17',
  'accept-language' => 'zh-CN,zh;q=0.9',
  'accept-encoding' => 'gzip, deflate',
  'referer' => 'http://www.shop2018.com:8081/home/jiaoben6415/css/style.css',
  'accept' => 'image/webp,image/apng,image/*,*/*;q=0.8',
  'user-agent' => 'Mozilla/5.0 (Windows NT 10.0; WOW64) AppleWebKit/537.36 (KHTML, like Gecko) Chrome/63.0.3239.132 Safari/537.36',
  'connection' => 'close',
  'host' => 'www.shop2018.com:8081',
)
[ info ] [ PARAM ] array (
)
[ info ] [ BEHAVIOR ] Run \addons\loginvideo\Loginvideo @response_send [ RunTime:0.006036s ]
[ info ] [ LOG ] INIT File
---------------------------------------------------------------
[ 2019-04-17T17:41:23+08:00 ] 127.0.0.1 GET www.shop2018.com:8081/
[运行时间：0.672453s] [吞吐率：1.49req/s] [内存消耗：3,094.84kb] [文件加载：80]
[ info ] [ BEHAVIOR ] Run Closure @app_init [ RunTime:0.000607s ]
[ info ] [ CACHE ] INIT File
[ info ] [ BEHAVIOR ] Run Closure @app_init [ RunTime:0.010651s ]
[ info ] [ LANG ] G:\phpStudy\WWW\action\shop2018\thinkphp\lang\zh-cn.php
[ info ] [ ROUTE ] array (
  'type' => 'module',
  'module' => 
  array (
    0 => '',
    1 => NULL,
    2 => NULL,
  ),
)
[ info ] [ HEADER ] array (
  'cookie' => '__guid=112445570.987899654372101400.1552907197323.951; Hm_lvt_f8d0a8c400404989e195270b0bbf060a=1554082064,1554189336,1554342871,1554708363; uid=1; token=6b6d81af-62b5-4131-ae63-957e743168cd; monitor_count=17',
  'accept-language' => 'zh-CN,zh;q=0.9',
  'accept-encoding' => 'gzip, deflate',
  'accept' => 'text/html,application/xhtml+xml,application/xml;q=0.9,image/webp,image/apng,*/*;q=0.8',
  'user-agent' => 'Mozilla/5.0 (Windows NT 10.0; WOW64) AppleWebKit/537.36 (KHTML, like Gecko) Chrome/63.0.3239.132 Safari/537.36',
  'upgrade-insecure-requests' => '1',
  'cache-control' => 'max-age=0',
  'connection' => 'close',
  'host' => 'www.shop2018.com:8081',
)
[ info ] [ PARAM ] array (
)
[ info ] [ LANG ] G:\phpStudy\WWW\action\shop2018\public/../application/index\lang\zh-cn.php
[ info ] [ BEHAVIOR ] Run app\common\behavior\Common @module_init [ RunTime:0.002883s ]
[ info ] [ TOKEN ] INIT Mysql
[ info ] [ DB ] INIT mysql
[ info ] [ LANG ] G:\phpStudy\WWW\action\shop2018\public/../application/index/lang/zh-cn/index.php
[ info ] [ RUN ] app\index\controller\Index->index[ G:\phpStudy\WWW\action\shop2018\application\index\controller\Index.php ]
[ info ] [ VIEW ] G:\phpStudy\WWW\action\shop2018\public/../application/index\view\index\index.html [ array (
  0 => 'user',
  1 => 'categorydata',
  2 => 'site',
  3 => 'config',
  4 => 'banner_list',
) ]
[ info ] [ BEHAVIOR ] Run \addons\loginvideo\Loginvideo @response_send [ RunTime:0.000922s ]
[ info ] [ LOG ] INIT File
[ sql ] [ DB ] CONNECT:[ UseTime:0.120269s ] mysql:host=bdm114585572.my3w.com;port=3306;dbname=bdm114585572_db;charset=utf8
[ sql ] [ SQL ] SHOW COLUMNS FROM `fa_user_token` [ RunTime:0.065782s ]
[ sql ] [ SQL ] SELECT * FROM `fa_user_token` WHERE  `token` = '1a586c06cc8528324bafe05317a1f968aafea774' LIMIT 1 [ RunTime:0.066686s ]
[ sql ] [ SQL ] SHOW COLUMNS FROM `fa_user` [ RunTime:0.068090s ]
[ sql ] [ SQL ] SELECT * FROM `fa_user` WHERE  `id` = 1 LIMIT 1 [ RunTime:0.068118s ]
[ sql ] [ SQL ] SHOW COLUMNS FROM `fa_banner` [ RunTime:0.066736s ]
[ sql ] [ SQL ] SELECT * FROM `fa_banner` WHERE  `status` = 'normal' [ RunTime:0.066067s ]
---------------------------------------------------------------
[ 2019-04-17T17:41:24+08:00 ] 127.0.0.1 GET www.shop2018.com:8081/home/jiaoben6415/images/pause.png
[运行时间：0.052462s] [吞吐率：19.06req/s] [内存消耗：1,618.38kb] [文件加载：56]
[ info ] [ BEHAVIOR ] Run Closure @app_init [ RunTime:0.000042s ]
[ info ] [ CACHE ] INIT File
[ info ] [ BEHAVIOR ] Run Closure @app_init [ RunTime:0.004709s ]
[ info ] [ LANG ] G:\phpStudy\WWW\action\shop2018\thinkphp\lang\zh-cn.php
[ info ] [ ROUTE ] array (
  'type' => 'module',
  'module' => 
  array (
    0 => 'home',
    1 => 'jiaoben6415',
    2 => 'images',
  ),
)
[ info ] [ HEADER ] array (
  'cookie' => '__guid=112445570.987899654372101400.1552907197323.951; Hm_lvt_f8d0a8c400404989e195270b0bbf060a=1554082064,1554189336,1554342871,1554708363; uid=1; token=6b6d81af-62b5-4131-ae63-957e743168cd; monitor_count=18',
  'accept-language' => 'zh-CN,zh;q=0.9',
  'accept-encoding' => 'gzip, deflate',
  'referer' => 'http://www.shop2018.com:8081/home/jiaoben6415/css/style.css',
  'accept' => 'image/webp,image/apng,image/*,*/*;q=0.8',
  'user-agent' => 'Mozilla/5.0 (Windows NT 10.0; WOW64) AppleWebKit/537.36 (KHTML, like Gecko) Chrome/63.0.3239.132 Safari/537.36',
  'connection' => 'close',
  'host' => 'www.shop2018.com:8081',
)
[ info ] [ PARAM ] array (
)
[ info ] [ BEHAVIOR ] Run \addons\loginvideo\Loginvideo @response_send [ RunTime:0.006762s ]
[ info ] [ LOG ] INIT File
---------------------------------------------------------------
[ 2019-04-17T17:42:02+08:00 ] 127.0.0.1 GET www.shop2018.com:8081/
[运行时间：0.588656s] [吞吐率：1.70req/s] [内存消耗：2,957.70kb] [文件加载：78]
[ info ] [ BEHAVIOR ] Run Closure @app_init [ RunTime:0.000042s ]
[ info ] [ CACHE ] INIT File
[ info ] [ BEHAVIOR ] Run Closure @app_init [ RunTime:0.008148s ]
[ info ] [ LANG ] G:\phpStudy\WWW\action\shop2018\thinkphp\lang\zh-cn.php
[ info ] [ ROUTE ] array (
  'type' => 'module',
  'module' => 
  array (
    0 => '',
    1 => NULL,
    2 => NULL,
  ),
)
[ info ] [ HEADER ] array (
  'cookie' => '__guid=112445570.987899654372101400.1552907197323.951; Hm_lvt_f8d0a8c400404989e195270b0bbf060a=1554082064,1554189336,1554342871,1554708363; uid=1; token=6b6d81af-62b5-4131-ae63-957e743168cd; monitor_count=18',
  'accept-language' => 'zh-CN,zh;q=0.9',
  'accept-encoding' => 'gzip, deflate',
  'accept' => 'text/html,application/xhtml+xml,application/xml;q=0.9,image/webp,image/apng,*/*;q=0.8',
  'user-agent' => 'Mozilla/5.0 (Windows NT 10.0; WOW64) AppleWebKit/537.36 (KHTML, like Gecko) Chrome/63.0.3239.132 Safari/537.36',
  'upgrade-insecure-requests' => '1',
  'cache-control' => 'max-age=0',
  'connection' => 'close',
  'host' => 'www.shop2018.com:8081',
)
[ info ] [ PARAM ] array (
)
[ info ] [ LANG ] G:\phpStudy\WWW\action\shop2018\public/../application/index\lang\zh-cn.php
[ info ] [ BEHAVIOR ] Run app\common\behavior\Common @module_init [ RunTime:0.003650s ]
[ info ] [ TOKEN ] INIT Mysql
[ info ] [ DB ] INIT mysql
[ info ] [ LANG ] G:\phpStudy\WWW\action\shop2018\public/../application/index/lang/zh-cn/index.php
[ info ] [ RUN ] app\index\controller\Index->index[ G:\phpStudy\WWW\action\shop2018\application\index\controller\Index.php ]
[ info ] [ VIEW ] G:\phpStudy\WWW\action\shop2018\public/../application/index\view\index\index.html [ array (
  0 => 'user',
  1 => 'categorydata',
  2 => 'site',
  3 => 'config',
  4 => 'banner_list',
) ]
[ info ] [ BEHAVIOR ] Run \addons\loginvideo\Loginvideo @response_send [ RunTime:0.000900s ]
[ info ] [ LOG ] INIT File
[ sql ] [ DB ] CONNECT:[ UseTime:0.098108s ] mysql:host=bdm114585572.my3w.com;port=3306;dbname=bdm114585572_db;charset=utf8
[ sql ] [ SQL ] SHOW COLUMNS FROM `fa_user_token` [ RunTime:0.064571s ]
[ sql ] [ SQL ] SELECT * FROM `fa_user_token` WHERE  `token` = '1a586c06cc8528324bafe05317a1f968aafea774' LIMIT 1 [ RunTime:0.069102s ]
[ sql ] [ SQL ] SHOW COLUMNS FROM `fa_user` [ RunTime:0.067099s ]
[ sql ] [ SQL ] SELECT * FROM `fa_user` WHERE  `id` = 1 LIMIT 1 [ RunTime:0.065284s ]
[ sql ] [ SQL ] SHOW COLUMNS FROM `fa_banner` [ RunTime:0.065436s ]
[ sql ] [ SQL ] SELECT * FROM `fa_banner` WHERE  `status` = 'normal' [ RunTime:0.064590s ]
---------------------------------------------------------------
[ 2019-04-17T17:42:03+08:00 ] 127.0.0.1 GET www.shop2018.com:8081/home/jiaoben6415/images/pause.png
[运行时间：0.067382s] [吞吐率：14.84req/s] [内存消耗：1,618.38kb] [文件加载：56]
[ info ] [ BEHAVIOR ] Run Closure @app_init [ RunTime:0.000041s ]
[ info ] [ CACHE ] INIT File
[ info ] [ BEHAVIOR ] Run Closure @app_init [ RunTime:0.004763s ]
[ info ] [ LANG ] G:\phpStudy\WWW\action\shop2018\thinkphp\lang\zh-cn.php
[ info ] [ ROUTE ] array (
  'type' => 'module',
  'module' => 
  array (
    0 => 'home',
    1 => 'jiaoben6415',
    2 => 'images',
  ),
)
[ info ] [ HEADER ] array (
  'cookie' => '__guid=112445570.987899654372101400.1552907197323.951; Hm_lvt_f8d0a8c400404989e195270b0bbf060a=1554082064,1554189336,1554342871,1554708363; uid=1; token=6b6d81af-62b5-4131-ae63-957e743168cd; monitor_count=19',
  'accept-language' => 'zh-CN,zh;q=0.9',
  'accept-encoding' => 'gzip, deflate',
  'referer' => 'http://www.shop2018.com:8081/home/jiaoben6415/css/style.css',
  'accept' => 'image/webp,image/apng,image/*,*/*;q=0.8',
  'user-agent' => 'Mozilla/5.0 (Windows NT 10.0; WOW64) AppleWebKit/537.36 (KHTML, like Gecko) Chrome/63.0.3239.132 Safari/537.36',
  'connection' => 'close',
  'host' => 'www.shop2018.com:8081',
)
[ info ] [ PARAM ] array (
)
[ info ] [ BEHAVIOR ] Run \addons\loginvideo\Loginvideo @response_send [ RunTime:0.005534s ]
[ info ] [ LOG ] INIT File
---------------------------------------------------------------
[ 2019-04-17T17:42:04+08:00 ] 127.0.0.1 GET www.shop2018.com:8081/
[运行时间：0.577173s] [吞吐率：1.73req/s] [内存消耗：2,957.70kb] [文件加载：78]
[ info ] [ BEHAVIOR ] Run Closure @app_init [ RunTime:0.000042s ]
[ info ] [ CACHE ] INIT File
[ info ] [ BEHAVIOR ] Run Closure @app_init [ RunTime:0.006123s ]
[ info ] [ LANG ] G:\phpStudy\WWW\action\shop2018\thinkphp\lang\zh-cn.php
[ info ] [ ROUTE ] array (
  'type' => 'module',
  'module' => 
  array (
    0 => '',
    1 => NULL,
    2 => NULL,
  ),
)
[ info ] [ HEADER ] array (
  'cookie' => '__guid=112445570.987899654372101400.1552907197323.951; Hm_lvt_f8d0a8c400404989e195270b0bbf060a=1554082064,1554189336,1554342871,1554708363; uid=1; token=6b6d81af-62b5-4131-ae63-957e743168cd; monitor_count=19',
  'accept-language' => 'zh-CN,zh;q=0.9',
  'accept-encoding' => 'gzip, deflate',
  'accept' => 'text/html,application/xhtml+xml,application/xml;q=0.9,image/webp,image/apng,*/*;q=0.8',
  'user-agent' => 'Mozilla/5.0 (Windows NT 10.0; WOW64) AppleWebKit/537.36 (KHTML, like Gecko) Chrome/63.0.3239.132 Safari/537.36',
  'upgrade-insecure-requests' => '1',
  'cache-control' => 'max-age=0',
  'connection' => 'close',
  'host' => 'www.shop2018.com:8081',
)
[ info ] [ PARAM ] array (
)
[ info ] [ LANG ] G:\phpStudy\WWW\action\shop2018\public/../application/index\lang\zh-cn.php
[ info ] [ BEHAVIOR ] Run app\common\behavior\Common @module_init [ RunTime:0.002398s ]
[ info ] [ TOKEN ] INIT Mysql
[ info ] [ DB ] INIT mysql
[ info ] [ LANG ] G:\phpStudy\WWW\action\shop2018\public/../application/index/lang/zh-cn/index.php
[ info ] [ RUN ] app\index\controller\Index->index[ G:\phpStudy\WWW\action\shop2018\application\index\controller\Index.php ]
[ info ] [ VIEW ] G:\phpStudy\WWW\action\shop2018\public/../application/index\view\index\index.html [ array (
  0 => 'user',
  1 => 'categorydata',
  2 => 'site',
  3 => 'config',
  4 => 'banner_list',
) ]
[ info ] [ BEHAVIOR ] Run \addons\loginvideo\Loginvideo @response_send [ RunTime:0.000919s ]
[ info ] [ LOG ] INIT File
[ sql ] [ DB ] CONNECT:[ UseTime:0.098830s ] mysql:host=bdm114585572.my3w.com;port=3306;dbname=bdm114585572_db;charset=utf8
[ sql ] [ SQL ] SHOW COLUMNS FROM `fa_user_token` [ RunTime:0.064871s ]
[ sql ] [ SQL ] SELECT * FROM `fa_user_token` WHERE  `token` = '1a586c06cc8528324bafe05317a1f968aafea774' LIMIT 1 [ RunTime:0.065018s ]
[ sql ] [ SQL ] SHOW COLUMNS FROM `fa_user` [ RunTime:0.064940s ]
[ sql ] [ SQL ] SELECT * FROM `fa_user` WHERE  `id` = 1 LIMIT 1 [ RunTime:0.065998s ]
[ sql ] [ SQL ] SHOW COLUMNS FROM `fa_banner` [ RunTime:0.065062s ]
[ sql ] [ SQL ] SELECT * FROM `fa_banner` WHERE  `status` = 'normal' [ RunTime:0.065228s ]
---------------------------------------------------------------
[ 2019-04-17T17:42:05+08:00 ] 127.0.0.1 GET www.shop2018.com:8081/home/jiaoben6415/images/pause.png
[运行时间：0.067997s] [吞吐率：14.71req/s] [内存消耗：1,618.38kb] [文件加载：56]
[ info ] [ BEHAVIOR ] Run Closure @app_init [ RunTime:0.000039s ]
[ info ] [ CACHE ] INIT File
[ info ] [ BEHAVIOR ] Run Closure @app_init [ RunTime:0.005991s ]
[ info ] [ LANG ] G:\phpStudy\WWW\action\shop2018\thinkphp\lang\zh-cn.php
[ info ] [ ROUTE ] array (
  'type' => 'module',
  'module' => 
  array (
    0 => 'home',
    1 => 'jiaoben6415',
    2 => 'images',
  ),
)
[ info ] [ HEADER ] array (
  'cookie' => '__guid=112445570.987899654372101400.1552907197323.951; Hm_lvt_f8d0a8c400404989e195270b0bbf060a=1554082064,1554189336,1554342871,1554708363; uid=1; token=6b6d81af-62b5-4131-ae63-957e743168cd; monitor_count=20',
  'accept-language' => 'zh-CN,zh;q=0.9',
  'accept-encoding' => 'gzip, deflate',
  'referer' => 'http://www.shop2018.com:8081/home/jiaoben6415/css/style.css',
  'accept' => 'image/webp,image/apng,image/*,*/*;q=0.8',
  'user-agent' => 'Mozilla/5.0 (Windows NT 10.0; WOW64) AppleWebKit/537.36 (KHTML, like Gecko) Chrome/63.0.3239.132 Safari/537.36',
  'connection' => 'close',
  'host' => 'www.shop2018.com:8081',
)
[ info ] [ PARAM ] array (
)
[ info ] [ BEHAVIOR ] Run \addons\loginvideo\Loginvideo @response_send [ RunTime:0.015918s ]
[ info ] [ LOG ] INIT File
---------------------------------------------------------------
[ 2019-04-17T17:42:27+08:00 ] 127.0.0.1 GET www.shop2018.com:8081/
[运行时间：0.509422s] [吞吐率：1.96req/s] [内存消耗：3,094.84kb] [文件加载：80]
[ info ] [ BEHAVIOR ] Run Closure @app_init [ RunTime:0.000042s ]
[ info ] [ CACHE ] INIT File
[ info ] [ BEHAVIOR ] Run Closure @app_init [ RunTime:0.007580s ]
[ info ] [ LANG ] G:\phpStudy\WWW\action\shop2018\thinkphp\lang\zh-cn.php
[ info ] [ ROUTE ] array (
  'type' => 'module',
  'module' => 
  array (
    0 => '',
    1 => NULL,
    2 => NULL,
  ),
)
[ info ] [ HEADER ] array (
  'cookie' => '__guid=112445570.987899654372101400.1552907197323.951; Hm_lvt_f8d0a8c400404989e195270b0bbf060a=1554082064,1554189336,1554342871,1554708363; uid=1; token=6b6d81af-62b5-4131-ae63-957e743168cd; monitor_count=20',
  'accept-language' => 'zh-CN,zh;q=0.9',
  'accept-encoding' => 'gzip, deflate',
  'accept' => 'text/html,application/xhtml+xml,application/xml;q=0.9,image/webp,image/apng,*/*;q=0.8',
  'user-agent' => 'Mozilla/5.0 (Windows NT 10.0; WOW64) AppleWebKit/537.36 (KHTML, like Gecko) Chrome/63.0.3239.132 Safari/537.36',
  'upgrade-insecure-requests' => '1',
  'cache-control' => 'max-age=0',
  'connection' => 'close',
  'host' => 'www.shop2018.com:8081',
)
[ info ] [ PARAM ] array (
)
[ info ] [ LANG ] G:\phpStudy\WWW\action\shop2018\public/../application/index\lang\zh-cn.php
[ info ] [ BEHAVIOR ] Run app\common\behavior\Common @module_init [ RunTime:0.002365s ]
[ info ] [ TOKEN ] INIT Mysql
[ info ] [ DB ] INIT mysql
[ info ] [ LANG ] G:\phpStudy\WWW\action\shop2018\public/../application/index/lang/zh-cn/index.php
[ info ] [ RUN ] app\index\controller\Index->index[ G:\phpStudy\WWW\action\shop2018\application\index\controller\Index.php ]
[ info ] [ VIEW ] G:\phpStudy\WWW\action\shop2018\public/../application/index\view\index\index.html [ array (
  0 => 'user',
  1 => 'categorydata',
  2 => 'site',
  3 => 'config',
  4 => 'banner_list',
) ]
[ info ] [ BEHAVIOR ] Run \addons\loginvideo\Loginvideo @response_send [ RunTime:0.000592s ]
[ info ] [ LOG ] INIT File
[ sql ] [ DB ] CONNECT:[ UseTime:0.081923s ] mysql:host=bdm114585572.my3w.com;port=3306;dbname=bdm114585572_db;charset=utf8
[ sql ] [ SQL ] SHOW COLUMNS FROM `fa_user_token` [ RunTime:0.053958s ]
[ sql ] [ SQL ] SELECT * FROM `fa_user_token` WHERE  `token` = '1a586c06cc8528324bafe05317a1f968aafea774' LIMIT 1 [ RunTime:0.053893s ]
[ sql ] [ SQL ] SHOW COLUMNS FROM `fa_user` [ RunTime:0.054792s ]
[ sql ] [ SQL ] SELECT * FROM `fa_user` WHERE  `id` = 1 LIMIT 1 [ RunTime:0.055445s ]
[ sql ] [ SQL ] SHOW COLUMNS FROM `fa_banner` [ RunTime:0.054541s ]
[ sql ] [ SQL ] SELECT * FROM `fa_banner` WHERE  `status` = 'normal' [ RunTime:0.053949s ]
---------------------------------------------------------------
[ 2019-04-17T17:42:28+08:00 ] 127.0.0.1 GET www.shop2018.com:8081/home/jiaoben6415/images/pause.png
[运行时间：0.053062s] [吞吐率：18.85req/s] [内存消耗：1,618.38kb] [文件加载：56]
[ info ] [ BEHAVIOR ] Run Closure @app_init [ RunTime:0.000042s ]
[ info ] [ CACHE ] INIT File
[ info ] [ BEHAVIOR ] Run Closure @app_init [ RunTime:0.004259s ]
[ info ] [ LANG ] G:\phpStudy\WWW\action\shop2018\thinkphp\lang\zh-cn.php
[ info ] [ ROUTE ] array (
  'type' => 'module',
  'module' => 
  array (
    0 => 'home',
    1 => 'jiaoben6415',
    2 => 'images',
  ),
)
[ info ] [ HEADER ] array (
  'cookie' => '__guid=112445570.987899654372101400.1552907197323.951; Hm_lvt_f8d0a8c400404989e195270b0bbf060a=1554082064,1554189336,1554342871,1554708363; uid=1; token=6b6d81af-62b5-4131-ae63-957e743168cd; monitor_count=21',
  'accept-language' => 'zh-CN,zh;q=0.9',
  'accept-encoding' => 'gzip, deflate',
  'referer' => 'http://www.shop2018.com:8081/home/jiaoben6415/css/style.css',
  'accept' => 'image/webp,image/apng,image/*,*/*;q=0.8',
  'user-agent' => 'Mozilla/5.0 (Windows NT 10.0; WOW64) AppleWebKit/537.36 (KHTML, like Gecko) Chrome/63.0.3239.132 Safari/537.36',
  'connection' => 'close',
  'host' => 'www.shop2018.com:8081',
)
[ info ] [ PARAM ] array (
)
[ info ] [ BEHAVIOR ] Run \addons\loginvideo\Loginvideo @response_send [ RunTime:0.005365s ]
[ info ] [ LOG ] INIT File
---------------------------------------------------------------
[ 2019-04-17T17:42:53+08:00 ] 127.0.0.1 GET www.shop2018.com:8081/
[运行时间：0.668301s] [吞吐率：1.50req/s] [内存消耗：3,094.84kb] [文件加载：80]
[ info ] [ BEHAVIOR ] Run Closure @app_init [ RunTime:0.000041s ]
[ info ] [ CACHE ] INIT File
[ info ] [ BEHAVIOR ] Run Closure @app_init [ RunTime:0.004014s ]
[ info ] [ LANG ] G:\phpStudy\WWW\action\shop2018\thinkphp\lang\zh-cn.php
[ info ] [ ROUTE ] array (
  'type' => 'module',
  'module' => 
  array (
    0 => '',
    1 => NULL,
    2 => NULL,
  ),
)
[ info ] [ HEADER ] array (
  'cookie' => '__guid=112445570.987899654372101400.1552907197323.951; Hm_lvt_f8d0a8c400404989e195270b0bbf060a=1554082064,1554189336,1554342871,1554708363; uid=1; token=6b6d81af-62b5-4131-ae63-957e743168cd; monitor_count=21',
  'accept-language' => 'zh-CN,zh;q=0.9',
  'accept-encoding' => 'gzip, deflate',
  'accept' => 'text/html,application/xhtml+xml,application/xml;q=0.9,image/webp,image/apng,*/*;q=0.8',
  'user-agent' => 'Mozilla/5.0 (Windows NT 10.0; WOW64) AppleWebKit/537.36 (KHTML, like Gecko) Chrome/63.0.3239.132 Safari/537.36',
  'upgrade-insecure-requests' => '1',
  'cache-control' => 'max-age=0',
  'connection' => 'close',
  'host' => 'www.shop2018.com:8081',
)
[ info ] [ PARAM ] array (
)
[ info ] [ LANG ] G:\phpStudy\WWW\action\shop2018\public/../application/index\lang\zh-cn.php
[ info ] [ BEHAVIOR ] Run app\common\behavior\Common @module_init [ RunTime:0.004328s ]
[ info ] [ TOKEN ] INIT Mysql
[ info ] [ DB ] INIT mysql
[ info ] [ LANG ] G:\phpStudy\WWW\action\shop2018\public/../application/index/lang/zh-cn/index.php
[ info ] [ RUN ] app\index\controller\Index->index[ G:\phpStudy\WWW\action\shop2018\application\index\controller\Index.php ]
[ info ] [ VIEW ] G:\phpStudy\WWW\action\shop2018\public/../application/index\view\index\index.html [ array (
  0 => 'user',
  1 => 'categorydata',
  2 => 'site',
  3 => 'config',
  4 => 'banner_list',
) ]
[ info ] [ BEHAVIOR ] Run \addons\loginvideo\Loginvideo @response_send [ RunTime:0.000944s ]
[ info ] [ LOG ] INIT File
[ sql ] [ DB ] CONNECT:[ UseTime:0.110509s ] mysql:host=bdm114585572.my3w.com;port=3306;dbname=bdm114585572_db;charset=utf8
[ sql ] [ SQL ] SHOW COLUMNS FROM `fa_user_token` [ RunTime:0.076019s ]
[ sql ] [ SQL ] SELECT * FROM `fa_user_token` WHERE  `token` = '1a586c06cc8528324bafe05317a1f968aafea774' LIMIT 1 [ RunTime:0.072442s ]
[ sql ] [ SQL ] SHOW COLUMNS FROM `fa_user` [ RunTime:0.073065s ]
[ sql ] [ SQL ] SELECT * FROM `fa_user` WHERE  `id` = 1 LIMIT 1 [ RunTime:0.074324s ]
[ sql ] [ SQL ] SHOW COLUMNS FROM `fa_banner` [ RunTime:0.072520s ]
[ sql ] [ SQL ] SELECT * FROM `fa_banner` WHERE  `status` = 'normal' [ RunTime:0.073088s ]
---------------------------------------------------------------
[ 2019-04-17T17:42:53+08:00 ] 127.0.0.1 GET www.shop2018.com:8081/home/jiaoben6415/images/pause.png
[运行时间：0.072557s] [吞吐率：13.78req/s] [内存消耗：1,618.38kb] [文件加载：56]
[ info ] [ BEHAVIOR ] Run Closure @app_init [ RunTime:0.000044s ]
[ info ] [ CACHE ] INIT File
[ info ] [ BEHAVIOR ] Run Closure @app_init [ RunTime:0.004257s ]
[ info ] [ LANG ] G:\phpStudy\WWW\action\shop2018\thinkphp\lang\zh-cn.php
[ info ] [ ROUTE ] array (
  'type' => 'module',
  'module' => 
  array (
    0 => 'home',
    1 => 'jiaoben6415',
    2 => 'images',
  ),
)
[ info ] [ HEADER ] array (
  'cookie' => '__guid=112445570.987899654372101400.1552907197323.951; Hm_lvt_f8d0a8c400404989e195270b0bbf060a=1554082064,1554189336,1554342871,1554708363; uid=1; token=6b6d81af-62b5-4131-ae63-957e743168cd; monitor_count=22',
  'accept-language' => 'zh-CN,zh;q=0.9',
  'accept-encoding' => 'gzip, deflate',
  'referer' => 'http://www.shop2018.com:8081/home/jiaoben6415/css/style.css',
  'accept' => 'image/webp,image/apng,image/*,*/*;q=0.8',
  'user-agent' => 'Mozilla/5.0 (Windows NT 10.0; WOW64) AppleWebKit/537.36 (KHTML, like Gecko) Chrome/63.0.3239.132 Safari/537.36',
  'connection' => 'close',
  'host' => 'www.shop2018.com:8081',
)
[ info ] [ PARAM ] array (
)
[ info ] [ BEHAVIOR ] Run \addons\loginvideo\Loginvideo @response_send [ RunTime:0.021802s ]
[ info ] [ LOG ] INIT File
---------------------------------------------------------------
[ 2019-04-17T17:42:55+08:00 ] 127.0.0.1 GET www.shop2018.com:8081/
[运行时间：0.633450s] [吞吐率：1.58req/s] [内存消耗：2,957.70kb] [文件加载：78]
[ info ] [ BEHAVIOR ] Run Closure @app_init [ RunTime:0.000036s ]
[ info ] [ CACHE ] INIT File
[ info ] [ BEHAVIOR ] Run Closure @app_init [ RunTime:0.004058s ]
[ info ] [ LANG ] G:\phpStudy\WWW\action\shop2018\thinkphp\lang\zh-cn.php
[ info ] [ ROUTE ] array (
  'type' => 'module',
  'module' => 
  array (
    0 => '',
    1 => NULL,
    2 => NULL,
  ),
)
[ info ] [ HEADER ] array (
  'cookie' => '__guid=112445570.987899654372101400.1552907197323.951; Hm_lvt_f8d0a8c400404989e195270b0bbf060a=1554082064,1554189336,1554342871,1554708363; uid=1; token=6b6d81af-62b5-4131-ae63-957e743168cd; monitor_count=22',
  'accept-language' => 'zh-CN,zh;q=0.9',
  'accept-encoding' => 'gzip, deflate',
  'accept' => 'text/html,application/xhtml+xml,application/xml;q=0.9,image/webp,image/apng,*/*;q=0.8',
  'user-agent' => 'Mozilla/5.0 (Windows NT 10.0; WOW64) AppleWebKit/537.36 (KHTML, like Gecko) Chrome/63.0.3239.132 Safari/537.36',
  'upgrade-insecure-requests' => '1',
  'cache-control' => 'max-age=0',
  'connection' => 'close',
  'host' => 'www.shop2018.com:8081',
)
[ info ] [ PARAM ] array (
)
[ info ] [ LANG ] G:\phpStudy\WWW\action\shop2018\public/../application/index\lang\zh-cn.php
[ info ] [ BEHAVIOR ] Run app\common\behavior\Common @module_init [ RunTime:0.002251s ]
[ info ] [ TOKEN ] INIT Mysql
[ info ] [ DB ] INIT mysql
[ info ] [ LANG ] G:\phpStudy\WWW\action\shop2018\public/../application/index/lang/zh-cn/index.php
[ info ] [ RUN ] app\index\controller\Index->index[ G:\phpStudy\WWW\action\shop2018\application\index\controller\Index.php ]
[ info ] [ VIEW ] G:\phpStudy\WWW\action\shop2018\public/../application/index\view\index\index.html [ array (
  0 => 'user',
  1 => 'categorydata',
  2 => 'site',
  3 => 'config',
  4 => 'banner_list',
) ]
[ info ] [ BEHAVIOR ] Run \addons\loginvideo\Loginvideo @response_send [ RunTime:0.001023s ]
[ info ] [ LOG ] INIT File
[ sql ] [ DB ] CONNECT:[ UseTime:0.099228s ] mysql:host=bdm114585572.my3w.com;port=3306;dbname=bdm114585572_db;charset=utf8
[ sql ] [ SQL ] SHOW COLUMNS FROM `fa_user_token` [ RunTime:0.064074s ]
[ sql ] [ SQL ] SELECT * FROM `fa_user_token` WHERE  `token` = '1a586c06cc8528324bafe05317a1f968aafea774' LIMIT 1 [ RunTime:0.069534s ]
[ sql ] [ SQL ] SHOW COLUMNS FROM `fa_user` [ RunTime:0.064866s ]
[ sql ] [ SQL ] SELECT * FROM `fa_user` WHERE  `id` = 1 LIMIT 1 [ RunTime:0.066115s ]
[ sql ] [ SQL ] SHOW COLUMNS FROM `fa_banner` [ RunTime:0.107308s ]
[ sql ] [ SQL ] SELECT * FROM `fa_banner` WHERE  `status` = 'normal' [ RunTime:0.073592s ]
---------------------------------------------------------------
[ 2019-04-17T17:42:57+08:00 ] 127.0.0.1 GET www.shop2018.com:8081/
[运行时间：0.658537s] [吞吐率：1.52req/s] [内存消耗：2,957.70kb] [文件加载：78]
[ info ] [ BEHAVIOR ] Run Closure @app_init [ RunTime:0.000043s ]
[ info ] [ CACHE ] INIT File
[ info ] [ BEHAVIOR ] Run Closure @app_init [ RunTime:0.004575s ]
[ info ] [ LANG ] G:\phpStudy\WWW\action\shop2018\thinkphp\lang\zh-cn.php
[ info ] [ ROUTE ] array (
  'type' => 'module',
  'module' => 
  array (
    0 => '',
    1 => NULL,
    2 => NULL,
  ),
)
[ info ] [ HEADER ] array (
  'cookie' => '__guid=112445570.987899654372101400.1552907197323.951; Hm_lvt_f8d0a8c400404989e195270b0bbf060a=1554082064,1554189336,1554342871,1554708363; uid=1; token=6b6d81af-62b5-4131-ae63-957e743168cd; monitor_count=23',
  'accept-language' => 'zh-CN,zh;q=0.9',
  'accept-encoding' => 'gzip, deflate',
  'accept' => 'text/html,application/xhtml+xml,application/xml;q=0.9,image/webp,image/apng,*/*;q=0.8',
  'user-agent' => 'Mozilla/5.0 (Windows NT 10.0; WOW64) AppleWebKit/537.36 (KHTML, like Gecko) Chrome/63.0.3239.132 Safari/537.36',
  'upgrade-insecure-requests' => '1',
  'cache-control' => 'max-age=0',
  'connection' => 'close',
  'host' => 'www.shop2018.com:8081',
)
[ info ] [ PARAM ] array (
)
[ info ] [ LANG ] G:\phpStudy\WWW\action\shop2018\public/../application/index\lang\zh-cn.php
[ info ] [ BEHAVIOR ] Run app\common\behavior\Common @module_init [ RunTime:0.003901s ]
[ info ] [ TOKEN ] INIT Mysql
[ info ] [ DB ] INIT mysql
[ info ] [ LANG ] G:\phpStudy\WWW\action\shop2018\public/../application/index/lang/zh-cn/index.php
[ info ] [ RUN ] app\index\controller\Index->index[ G:\phpStudy\WWW\action\shop2018\application\index\controller\Index.php ]
[ info ] [ VIEW ] G:\phpStudy\WWW\action\shop2018\public/../application/index\view\index\index.html [ array (
  0 => 'user',
  1 => 'categorydata',
  2 => 'site',
  3 => 'config',
  4 => 'banner_list',
) ]
[ info ] [ BEHAVIOR ] Run \addons\loginvideo\Loginvideo @response_send [ RunTime:0.001072s ]
[ info ] [ LOG ] INIT File
[ sql ] [ DB ] CONNECT:[ UseTime:0.098028s ] mysql:host=bdm114585572.my3w.com;port=3306;dbname=bdm114585572_db;charset=utf8
[ sql ] [ SQL ] SHOW COLUMNS FROM `fa_user_token` [ RunTime:0.080757s ]
[ sql ] [ SQL ] SELECT * FROM `fa_user_token` WHERE  `token` = '1a586c06cc8528324bafe05317a1f968aafea774' LIMIT 1 [ RunTime:0.080870s ]
[ sql ] [ SQL ] SHOW COLUMNS FROM `fa_user` [ RunTime:0.073365s ]
[ sql ] [ SQL ] SELECT * FROM `fa_user` WHERE  `id` = 1 LIMIT 1 [ RunTime:0.066057s ]
[ sql ] [ SQL ] SHOW COLUMNS FROM `fa_banner` [ RunTime:0.081121s ]
[ sql ] [ SQL ] SELECT * FROM `fa_banner` WHERE  `status` = 'normal' [ RunTime:0.075678s ]
---------------------------------------------------------------
[ 2019-04-17T17:47:05+08:00 ] 127.0.0.1 GET www.shop2018.com:8081/
[运行时间：0.733077s] [吞吐率：1.36req/s] [内存消耗：2,957.70kb] [文件加载：78]
[ info ] [ BEHAVIOR ] Run Closure @app_init [ RunTime:0.000098s ]
[ info ] [ CACHE ] INIT File
[ info ] [ BEHAVIOR ] Run Closure @app_init [ RunTime:0.007501s ]
[ info ] [ LANG ] G:\phpStudy\WWW\action\shop2018\thinkphp\lang\zh-cn.php
[ info ] [ ROUTE ] array (
  'type' => 'module',
  'module' => 
  array (
    0 => '',
    1 => NULL,
    2 => NULL,
  ),
)
[ info ] [ HEADER ] array (
  'cookie' => '__guid=112445570.987899654372101400.1552907197323.951; Hm_lvt_f8d0a8c400404989e195270b0bbf060a=1554082064,1554189336,1554342871,1554708363; uid=1; token=6b6d81af-62b5-4131-ae63-957e743168cd; monitor_count=24',
  'accept-language' => 'zh-CN,zh;q=0.9',
  'accept-encoding' => 'gzip, deflate',
  'accept' => 'text/html,application/xhtml+xml,application/xml;q=0.9,image/webp,image/apng,*/*;q=0.8',
  'user-agent' => 'Mozilla/5.0 (Windows NT 10.0; WOW64) AppleWebKit/537.36 (KHTML, like Gecko) Chrome/63.0.3239.132 Safari/537.36',
  'upgrade-insecure-requests' => '1',
  'cache-control' => 'max-age=0',
  'connection' => 'close',
  'host' => 'www.shop2018.com:8081',
)
[ info ] [ PARAM ] array (
)
[ info ] [ LANG ] G:\phpStudy\WWW\action\shop2018\public/../application/index\lang\zh-cn.php
[ info ] [ BEHAVIOR ] Run app\common\behavior\Common @module_init [ RunTime:0.004300s ]
[ info ] [ TOKEN ] INIT Mysql
[ info ] [ DB ] INIT mysql
[ info ] [ LANG ] G:\phpStudy\WWW\action\shop2018\public/../application/index/lang/zh-cn/index.php
[ info ] [ RUN ] app\index\controller\Index->index[ G:\phpStudy\WWW\action\shop2018\application\index\controller\Index.php ]
[ info ] [ VIEW ] G:\phpStudy\WWW\action\shop2018\public/../application/index\view\index\index.html [ array (
  0 => 'user',
  1 => 'categorydata',
  2 => 'site',
  3 => 'config',
  4 => 'banner_list',
) ]
[ info ] [ BEHAVIOR ] Run \addons\loginvideo\Loginvideo @response_send [ RunTime:0.001200s ]
[ info ] [ LOG ] INIT File
[ sql ] [ DB ] CONNECT:[ UseTime:0.131170s ] mysql:host=bdm114585572.my3w.com;port=3306;dbname=bdm114585572_db;charset=utf8
[ sql ] [ SQL ] SHOW COLUMNS FROM `fa_user_token` [ RunTime:0.076885s ]
[ sql ] [ SQL ] SELECT * FROM `fa_user_token` WHERE  `token` = '1a586c06cc8528324bafe05317a1f968aafea774' LIMIT 1 [ RunTime:0.076449s ]
[ sql ] [ SQL ] SHOW COLUMNS FROM `fa_user` [ RunTime:0.078002s ]
[ sql ] [ SQL ] SELECT * FROM `fa_user` WHERE  `id` = 1 LIMIT 1 [ RunTime:0.078485s ]
[ sql ] [ SQL ] SHOW COLUMNS FROM `fa_banner` [ RunTime:0.076626s ]
[ sql ] [ SQL ] SELECT * FROM `fa_banner` WHERE  `status` = 'normal' [ RunTime:0.077529s ]
---------------------------------------------------------------
[ 2019-04-17T17:47:06+08:00 ] 127.0.0.1 GET www.shop2018.com:8081/home/jiaoben6415/images/pause.png
[运行时间：0.064692s] [吞吐率：15.46req/s] [内存消耗：1,618.38kb] [文件加载：56]
[ info ] [ BEHAVIOR ] Run Closure @app_init [ RunTime:0.000040s ]
[ info ] [ CACHE ] INIT File
[ info ] [ BEHAVIOR ] Run Closure @app_init [ RunTime:0.007855s ]
[ info ] [ LANG ] G:\phpStudy\WWW\action\shop2018\thinkphp\lang\zh-cn.php
[ info ] [ ROUTE ] array (
  'type' => 'module',
  'module' => 
  array (
    0 => 'home',
    1 => 'jiaoben6415',
    2 => 'images',
  ),
)
[ info ] [ HEADER ] array (
  'cookie' => '__guid=112445570.987899654372101400.1552907197323.951; Hm_lvt_f8d0a8c400404989e195270b0bbf060a=1554082064,1554189336,1554342871,1554708363; uid=1; token=6b6d81af-62b5-4131-ae63-957e743168cd; monitor_count=25',
  'accept-language' => 'zh-CN,zh;q=0.9',
  'accept-encoding' => 'gzip, deflate',
  'referer' => 'http://www.shop2018.com:8081/home/jiaoben6415/css/style.css',
  'accept' => 'image/webp,image/apng,image/*,*/*;q=0.8',
  'user-agent' => 'Mozilla/5.0 (Windows NT 10.0; WOW64) AppleWebKit/537.36 (KHTML, like Gecko) Chrome/63.0.3239.132 Safari/537.36',
  'connection' => 'close',
  'host' => 'www.shop2018.com:8081',
)
[ info ] [ PARAM ] array (
)
[ info ] [ BEHAVIOR ] Run \addons\loginvideo\Loginvideo @response_send [ RunTime:0.010795s ]
[ info ] [ LOG ] INIT File
